{"meta": {"format": 3, "version": "7.16.1", "timestamp": "2026-09-17T04:49:34.401956", "branch_coverage": false, "show_contexts": false}, "files": {"src\\__init__.py": {"executed_lines": [], "summary": {"covered_lines": 0, "num_statements": 0, "percent_covered": 100.0, "percent_covered_display": "100", "missing_lines": 0, "excluded_lines": 0, "percent_statements_covered": 100.0, "percent_statements_covered_display": "100"}, "missing_lines": [], "excluded_lines": [], "functions": {"": {"executed_lines": [], "summary": {"covered_lines": 0, "num_statements": 0, "percent_covered": 100.0, "percent_covered_display": "100", "missing_lines": 0, "excluded_lines": 0, "percent_statements_covered": 100.0, "percent_statements_covered_display": "100"}, "missing_lines": [], "excluded_lines": [], "start_line": 1}}, "classes": {"": {"executed_lines": [], "summary": {"covered_lines": 0, "num_statements": 0, "percent_covered": 100.0, "percent_covered_display": "100", "missing_lines": 0, "excluded_lines": 0, "percent_statements_covered": 100.0, "percent_statements_covered_display": "100"}, "missing_lines": [], "excluded_lines": [], "start_line": 1}}}, "src\\ai_core\\__init__.py": {"executed_lines": [], "summary": {"covered_lines": 0, "num_statements": 0, "percent_covered": 100.0, "percent_covered_display": "100", "missing_lines": 0, "excluded_lines": 0, "percent_statements_covered": 100.0, "percent_statements_covered_display": "100"}, "missing_lines": [], "excluded_lines": [], "functions": {"": {"executed_lines": [], "summary": {"covered_lines": 0, "num_statements": 0, "percent_covered": 100.0, "percent_covered_display": "100", "missing_lines": 0, "excluded_lines": 0, "percent_statements_covered": 100.0, "percent_statements_covered_display": "100"}, "missing_lines": [], "excluded_lines": [], "start_line": 1}}, "classes": {"": {"executed_lines": [], "summary": {"covered_lines": 0, "num_statements": 0, "percent_covered": 100.0, "percent_covered_display": "100", "missing_lines": 0, "excluded_lines": 0, "percent_statements_covered": 100.0, "percent_statements_covered_display": "100"}, "missing_lines": [], "excluded_lines": [], "start_line": 1}}}, "src\\ai_core\\agent_names.py": {"executed_lines": [20, 21, 22, 23, 24, 25, 28, 39, 40, 43, 45, 46, 49, 55, 56, 57], "summary": {"covered_lines": 16, "num_statements": 17, "percent_covered": 94.11764705882354, "percent_covered_display": "94", "missing_lines": 1, "excluded_lines": 0, "percent_statements_covered": 94.11764705882354, "percent_statements_covered_display": "94"}, "missing_lines": [58], "excluded_lines": [], "functions": {"resource_agent_name": {"executed_lines": [45, 46], "summary": {"covered_lines": 2, "num_statements": 2, "percent_covered": 100.0, "percent_covered_display": "100", "missing_lines": 0, "excluded_lines": 0, "percent_statements_covered": 100.0, "percent_statements_covered_display": "100"}, "missing_lines": [], "excluded_lines": [], "start_line": 43}, "resource_reviewer_name": {"executed_lines": [55, 56, 57], "summary": {"covered_lines": 3, "num_statements": 4, "percent_covered": 75.0, "percent_covered_display": "75", "missing_lines": 1, "excluded_lines": 0, "percent_statements_covered": 75.0, "percent_statements_covered_display": "75"}, "missing_lines": [58], "excluded_lines": [], "start_line": 49}, "": {"executed_lines": [20, 21, 22, 23, 24, 25, 28, 39, 40, 43, 49], "summary": {"covered_lines": 11, "num_statements": 11, "percent_covered": 100.0, "percent_covered_display": "100", "missing_lines": 0, "excluded_lines": 0, "percent_statements_covered": 100.0, "percent_statements_covered_display": "100"}, "missing_lines": [], "excluded_lines": [], "start_line": 1}}, "classes": {"": {"executed_lines": [20, 21, 22, 23, 24, 25, 28, 39, 40, 43, 45, 46, 49, 55, 56, 57], "summary": {"covered_lines": 16, "num_statements": 17, "percent_covered": 94.11764705882354, "percent_covered_display": "94", "missing_lines": 1, "excluded_lines": 0, "percent_statements_covered": 94.11764705882354, "percent_statements_covered_display": "94"}, "missing_lines": [58], "excluded_lines": [], "start_line": 1}}}, "src\\ai_core\\brain.py": {"executed_lines": [2, 3, 4, 5, 6, 7, 9, 10, 11, 16, 17, 20, 21, 22, 23, 24, 25, 29, 30, 31, 32, 33, 34, 35, 36, 39, 40, 41, 44, 72, 97, 101, 114, 124, 139, 171, 172, 174, 192, 219, 220, 259, 275, 276, 283, 303, 361, 371, 389, 408], "summary": {"covered_lines": 50, "num_statements": 291, "percent_covered": 17.18213058419244, "percent_covered_display": "17", "missing_lines": 241, "excluded_lines": 0, "percent_statements_covered": 17.18213058419244, "percent_statements_covered_display": "17"}, "missing_lines": [37, 38, 46, 47, 48, 49, 50, 51, 52, 54, 56, 57, 59, 60, 61, 63, 64, 74, 75, 76, 77, 78, 79, 80, 82, 84, 85, 86, 88, 89, 126, 127, 128, 129, 130, 131, 132, 133, 134, 135, 176, 177, 178, 179, 180, 181, 182, 183, 184, 185, 186, 187, 188, 198, 199, 200, 201, 202, 203, 206, 207, 208, 209, 210, 211, 212, 213, 214, 215, 222, 223, 225, 226, 227, 228, 229, 230, 231, 232, 233, 234, 235, 236, 238, 240, 241, 242, 243, 244, 245, 246, 248, 249, 250, 252, 261, 262, 263, 264, 265, 266, 267, 268, 269, 270, 271, 278, 279, 280, 281, 286, 287, 288, 289, 290, 291, 292, 293, 294, 295, 296, 297, 298, 299, 300, 301, 304, 305, 306, 307, 308, 316, 317, 328, 330, 337, 338, 340, 341, 343, 345, 346, 347, 348, 349, 351, 352, 354, 355, 356, 363, 364, 365, 366, 367, 368, 369, 373, 374, 375, 376, 377, 378, 379, 380, 381, 382, 383, 384, 385, 386, 387, 390, 391, 392, 402, 403, 404, 405, 406, 410, 412, 413, 414, 416, 418, 431, 432, 433, 434, 435, 436, 437, 438, 439, 441, 442, 443, 445, 446, 447, 448, 450, 451, 452, 453, 454, 455, 456, 458, 459, 460, 461, 462, 463, 464, 465, 466, 467, 469, 470, 471, 472, 474, 475, 476, 477, 478, 479, 480, 482, 483, 484, 485, 486, 487, 488, 490, 491, 492, 493], "excluded_lines": [], "functions": {"_inject_user_id": {"executed_lines": [], "summary": {"covered_lines": 0, "num_statements": 13, "percent_covered": 0.0, "percent_covered_display": "0", "missing_lines": 13, "excluded_lines": 0, "percent_statements_covered": 0.0, "percent_statements_covered_display": "0"}, "missing_lines": [46, 47, 48, 49, 50, 51, 52, 54, 56, 57, 59, 63, 64], "excluded_lines": [], "start_line": 44}, "_inject_user_id._scoped": {"executed_lines": [], "summary": {"covered_lines": 0, "num_statements": 2, "percent_covered": 0.0, "percent_covered_display": "0", "missing_lines": 2, "excluded_lines": 0, "percent_statements_covered": 0.0, "percent_statements_covered_display": "0"}, "missing_lines": [60, 61], "excluded_lines": [], "start_line": 59}, "_inject_chat_group_id": {"executed_lines": [], "summary": {"covered_lines": 0, "num_statements": 11, "percent_covered": 0.0, "percent_covered_display": "0", "missing_lines": 11, "excluded_lines": 0, "percent_statements_covered": 0.0, "percent_statements_covered_display": "0"}, "missing_lines": [74, 75, 76, 77, 78, 79, 80, 82, 84, 88, 89], "excluded_lines": [], "start_line": 72}, "_inject_chat_group_id._scoped": {"executed_lines": [], "summary": {"covered_lines": 0, "num_statements": 2, "percent_covered": 0.0, "percent_covered_display": "0", "missing_lines": 2, "excluded_lines": 0, "percent_statements_covered": 0.0, "percent_statements_covered_display": "0"}, "missing_lines": [85, 86], "excluded_lines": [], "start_line": 84}, "_classify_message": {"executed_lines": [], "summary": {"covered_lines": 0, "num_statements": 10, "percent_covered": 0.0, "percent_covered_display": "0", "missing_lines": 10, "excluded_lines": 0, "percent_statements_covered": 0.0, "percent_statements_covered_display": "0"}, "missing_lines": [126, 127, 128, 129, 130, 131, 132, 133, 134, 135], "excluded_lines": [], "start_line": 124}, "Brain.__init__": {"executed_lines": [], "summary": {"covered_lines": 0, "num_statements": 13, "percent_covered": 0.0, "percent_covered_display": "0", "missing_lines": 13, "excluded_lines": 0, "percent_statements_covered": 0.0, "percent_statements_covered_display": "0"}, "missing_lines": [176, 177, 178, 179, 180, 181, 182, 183, 184, 185, 186, 187, 188], "excluded_lines": [], "start_line": 174}, "Brain.hydrate_history": {"executed_lines": [], "summary": {"covered_lines": 0, "num_statements": 16, "percent_covered": 0.0, "percent_covered_display": "0", "missing_lines": 16, "excluded_lines": 0, "percent_statements_covered": 0.0, "percent_statements_covered_display": "0"}, "missing_lines": [198, 199, 200, 201, 202, 203, 206, 207, 208, 209, 210, 211, 212, 213, 214, 215], "excluded_lines": [], "start_line": 192}, "Brain._make_http_tool": {"executed_lines": [], "summary": {"covered_lines": 0, "num_statements": 15, "percent_covered": 0.0, "percent_covered_display": "0", "missing_lines": 15, "excluded_lines": 0, "percent_statements_covered": 0.0, "percent_statements_covered_display": "0"}, "missing_lines": [222, 223, 225, 238, 240, 241, 242, 243, 244, 245, 246, 248, 249, 250, 252], "excluded_lines": [], "start_line": 220}, "Brain._make_http_tool._handler": {"executed_lines": [], "summary": {"covered_lines": 0, "num_statements": 11, "percent_covered": 0.0, "percent_covered_display": "0", "missing_lines": 11, "excluded_lines": 0, "percent_statements_covered": 0.0, "percent_statements_covered_display": "0"}, "missing_lines": [226, 227, 228, 229, 230, 231, 232, 233, 234, 235, 236], "excluded_lines": [], "start_line": 225}, "Brain._load_action_tools_async": {"executed_lines": [], "summary": {"covered_lines": 0, "num_statements": 11, "percent_covered": 0.0, "percent_covered_display": "0", "missing_lines": 11, "excluded_lines": 0, "percent_statements_covered": 0.0, "percent_statements_covered_display": "0"}, "missing_lines": [261, 262, 263, 264, 265, 266, 267, 268, 269, 270, 271], "excluded_lines": [], "start_line": 259}, "Brain.rebuild_for_user": {"executed_lines": [], "summary": {"covered_lines": 0, "num_statements": 4, "percent_covered": 0.0, "percent_covered_display": "0", "missing_lines": 4, "excluded_lines": 0, "percent_statements_covered": 0.0, "percent_statements_covered_display": "0"}, "missing_lines": [278, 279, 280, 281], "excluded_lines": [], "start_line": 276}, "Brain._load_agent_config": {"executed_lines": [], "summary": {"covered_lines": 0, "num_statements": 16, "percent_covered": 0.0, "percent_covered_display": "0", "missing_lines": 16, "excluded_lines": 0, "percent_statements_covered": 0.0, "percent_statements_covered_display": "0"}, "missing_lines": [286, 287, 288, 289, 290, 291, 292, 293, 294, 295, 296, 297, 298, 299, 300, 301], "excluded_lines": [], "start_line": 283}, "Brain._build_agent": {"executed_lines": [], "summary": {"covered_lines": 0, "num_statements": 24, "percent_covered": 0.0, "percent_covered_display": "0", "missing_lines": 24, "excluded_lines": 0, "percent_statements_covered": 0.0, "percent_statements_covered_display": "0"}, "missing_lines": [304, 305, 306, 307, 308, 316, 317, 328, 330, 337, 338, 340, 341, 343, 345, 346, 347, 348, 349, 351, 352, 354, 355, 356], "excluded_lines": [], "start_line": 303}, "Brain._load_tool_guides": {"executed_lines": [], "summary": {"covered_lines": 0, "num_statements": 7, "percent_covered": 0.0, "percent_covered_display": "0", "missing_lines": 7, "excluded_lines": 0, "percent_statements_covered": 0.0, "percent_statements_covered_display": "0"}, "missing_lines": [363, 364, 365, 366, 367, 368, 369], "excluded_lines": [], "start_line": 361}, "Brain._ensure_action_tools": {"executed_lines": [], "summary": {"covered_lines": 0, "num_statements": 15, "percent_covered": 0.0, "percent_covered_display": "0", "missing_lines": 15, "excluded_lines": 0, "percent_statements_covered": 0.0, "percent_statements_covered_display": "0"}, "missing_lines": [373, 374, 375, 376, 377, 378, 379, 380, 381, 382, 383, 384, 385, 386, 387], "excluded_lines": [], "start_line": 371}, "Brain.chat": {"executed_lines": [], "summary": {"covered_lines": 0, "num_statements": 8, "percent_covered": 0.0, "percent_covered_display": "0", "missing_lines": 8, "excluded_lines": 0, "percent_statements_covered": 0.0, "percent_statements_covered_display": "0"}, "missing_lines": [390, 391, 392, 402, 403, 404, 405, 406], "excluded_lines": [], "start_line": 389}, "Brain.stream": {"executed_lines": [], "summary": {"covered_lines": 0, "num_statements": 51, "percent_covered": 0.0, "percent_covered_display": "0", "missing_lines": 51, "excluded_lines": 0, "percent_statements_covered": 0.0, "percent_statements_covered_display": "0"}, "missing_lines": [410, 412, 413, 414, 416, 441, 442, 443, 445, 446, 447, 448, 450, 451, 452, 453, 454, 455, 456, 458, 459, 460, 461, 462, 463, 464, 465, 466, 467, 469, 470, 471, 472, 474, 475, 476, 477, 478, 479, 480, 482, 483, 484, 485, 486, 487, 488, 490, 491, 492, 493], "excluded_lines": [], "start_line": 408}, "Brain.stream._stream_events": {"executed_lines": [], "summary": {"covered_lines": 0, "num_statements": 10, "percent_covered": 0.0, "percent_covered_display": "0", "missing_lines": 10, "excluded_lines": 0, "percent_statements_covered": 0.0, "percent_statements_covered_display": "0"}, "missing_lines": [418, 431, 432, 433, 434, 435, 436, 437, 438, 439], "excluded_lines": [], "start_line": 416}, "": {"executed_lines": [2, 3, 4, 5, 6, 7, 9, 10, 11, 16, 17, 20, 21, 22, 23, 24, 25, 29, 30, 31, 32, 33, 34, 35, 36, 39, 40, 41, 44, 72, 97, 101, 114, 124, 139, 171, 172, 174, 192, 219, 220, 259, 275, 276, 283, 303, 361, 371, 389, 408], "summary": {"covered_lines": 50, "num_statements": 52, "percent_covered": 96.15384615384616, "percent_covered_display": "96", "missing_lines": 2, "excluded_lines": 0, "percent_statements_covered": 96.15384615384616, "percent_statements_covered_display": "96"}, "missing_lines": [37, 38], "excluded_lines": [], "start_line": 1}}, "classes": {"Brain": {"executed_lines": [], "summary": {"covered_lines": 0, "num_statements": 201, "percent_covered": 0.0, "percent_covered_display": "0", "missing_lines": 201, "excluded_lines": 0, "percent_statements_covered": 0.0, "percent_statements_covered_display": "0"}, "missing_lines": [176, 177, 178, 179, 180, 181, 182, 183, 184, 185, 186, 187, 188, 198, 199, 200, 201, 202, 203, 206, 207, 208, 209, 210, 211, 212, 213, 214, 215, 222, 223, 225, 226, 227, 228, 229, 230, 231, 232, 233, 234, 235, 236, 238, 240, 241, 242, 243, 244, 245, 246, 248, 249, 250, 252, 261, 262, 263, 264, 265, 266, 267, 268, 269, 270, 271, 278, 279, 280, 281, 286, 287, 288, 289, 290, 291, 292, 293, 294, 295, 296, 297, 298, 299, 300, 301, 304, 305, 306, 307, 308, 316, 317, 328, 330, 337, 338, 340, 341, 343, 345, 346, 347, 348, 349, 351, 352, 354, 355, 356, 363, 364, 365, 366, 367, 368, 369, 373, 374, 375, 376, 377, 378, 379, 380, 381, 382, 383, 384, 385, 386, 387, 390, 391, 392, 402, 403, 404, 405, 406, 410, 412, 413, 414, 416, 418, 431, 432, 433, 434, 435, 436, 437, 438, 439, 441, 442, 443, 445, 446, 447, 448, 450, 451, 452, 453, 454, 455, 456, 458, 459, 460, 461, 462, 463, 464, 465, 466, 467, 469, 470, 471, 472, 474, 475, 476, 477, 478, 479, 480, 482, 483, 484, 485, 486, 487, 488, 490, 491, 492, 493], "excluded_lines": [], "start_line": 171}, "": {"executed_lines": [2, 3, 4, 5, 6, 7, 9, 10, 11, 16, 17, 20, 21, 22, 23, 24, 25, 29, 30, 31, 32, 33, 34, 35, 36, 39, 40, 41, 44, 72, 97, 101, 114, 124, 139, 171, 172, 174, 192, 219, 220, 259, 275, 276, 283, 303, 361, 371, 389, 408], "summary": {"covered_lines": 50, "num_statements": 90, "percent_covered": 55.55555555555556, "percent_covered_display": "56", "missing_lines": 40, "excluded_lines": 0, "percent_statements_covered": 55.55555555555556, "percent_statements_covered_display": "56"}, "missing_lines": [37, 38, 46, 47, 48, 49, 50, 51, 52, 54, 56, 57, 59, 60, 61, 63, 64, 74, 75, 76, 77, 78, 79, 80, 82, 84, 85, 86, 88, 89, 126, 127, 128, 129, 130, 131, 132, 133, 134, 135], "excluded_lines": [], "start_line": 1}}}, "src\\ai_core\\classroom_graph.py": {"executed_lines": [5, 6, 7, 8, 9, 10, 12, 14, 15, 16, 17, 25, 32, 35, 43, 44, 45, 46, 47, 48, 49, 52, 58, 65, 77, 79, 80, 81, 82, 83, 84, 85, 86, 87, 88, 89, 90, 91, 92, 93, 96, 97, 98, 101, 102, 103, 104, 107, 108, 115, 117, 118, 119, 120, 121, 122, 123, 124, 125, 126, 127, 128, 136, 145, 151, 153, 154, 155, 156, 181, 182, 183, 184, 185, 186, 187, 190, 191, 199, 202, 204, 205, 214, 215, 216, 217, 219, 220, 222, 227, 228, 229, 230, 231, 242, 244, 245, 246, 247, 248, 249, 250, 255, 260, 263, 265, 272, 273, 279, 284, 285, 286, 287, 296, 297, 298, 299, 300, 311, 312, 313, 322, 323, 332, 343, 344, 345, 346, 347, 383, 384, 385, 386, 387, 388, 389, 390, 391, 392, 395, 396, 397, 398, 399, 408, 409, 410, 411, 417, 444, 446, 447, 448, 449, 450, 452, 460, 463, 464, 465, 466, 467, 470, 472, 473, 474, 476, 477, 478, 479, 480, 481, 482, 483, 490, 492, 493, 494, 495, 499, 500, 501, 505, 519, 524, 525, 546, 547, 548, 549, 550, 551, 552, 553, 554, 558, 559, 560, 561, 562, 563, 572, 580, 581, 582, 586, 588, 589, 590, 609, 610, 611, 612, 613, 615, 616, 620, 621, 623, 634, 642, 643, 644, 645, 646, 647, 648, 652, 653, 654, 655, 668, 680, 682, 683, 685, 686, 689, 690, 691, 693, 696, 698, 701, 702, 703, 706, 707, 708, 714, 715, 716, 717, 718, 719, 720, 726, 733, 734, 735, 736, 737, 738, 739, 740, 741, 742, 745, 746, 747, 748, 749, 750, 751, 756, 759], "summary": {"covered_lines": 276, "num_statements": 315, "percent_covered": 87.61904761904762, "percent_covered_display": "88", "missing_lines": 39, "excluded_lines": 0, "percent_statements_covered": 87.61904761904762, "percent_statements_covered_display": "88"}, "missing_lines": [146, 147, 148, 188, 189, 218, 221, 266, 270, 393, 394, 412, 413, 414, 425, 426, 427, 428, 435, 436, 451, 475, 526, 527, 528, 529, 538, 614, 622, 635, 638, 639, 640, 684, 687, 688, 692, 699, 721], "excluded_lines": [], "functions": {"writer_node": {"executed_lines": [117, 118, 119, 120, 121, 122, 123, 124, 125, 126, 127, 128, 136, 145], "summary": {"covered_lines": 14, "num_statements": 17, "percent_covered": 82.3529411764706, "percent_covered_display": "82", "missing_lines": 3, "excluded_lines": 0, "percent_statements_covered": 82.3529411764706, "percent_statements_covered_display": "82"}, "missing_lines": [146, 147, 148], "excluded_lines": [], "start_line": 115}, "_plan_teaching_outline": {"executed_lines": [153, 154, 155, 156, 181, 182, 183, 184, 185, 186, 187, 190, 191, 199], "summary": {"covered_lines": 14, "num_statements": 16, "percent_covered": 87.5, "percent_covered_display": "88", "missing_lines": 2, "excluded_lines": 0, "percent_statements_covered": 87.5, "percent_statements_covered_display": "88"}, "missing_lines": [188, 189], "excluded_lines": [], "start_line": 151}, "_normalize_outline": {"executed_lines": [204, 205, 214, 215, 216, 217, 219, 220, 222, 227, 228, 229, 230, 231], "summary": {"covered_lines": 14, "num_statements": 16, "percent_covered": 87.5, "percent_covered_display": "88", "missing_lines": 2, "excluded_lines": 0, "percent_statements_covered": 87.5, "percent_statements_covered_display": "88"}, "missing_lines": [218, 221], "excluded_lines": [], "start_line": 202}, "_generate_segments": {"executed_lines": [244, 245, 246, 247, 248, 249, 250, 255, 260, 263, 265, 272, 273, 279, 284, 285, 286, 287, 296, 297, 298, 299, 300, 311, 312, 313, 322, 323], "summary": {"covered_lines": 28, "num_statements": 30, "percent_covered": 93.33333333333333, "percent_covered_display": "93", "missing_lines": 2, "excluded_lines": 0, "percent_statements_covered": 93.33333333333333, "percent_statements_covered_display": "93"}, "missing_lines": [266, 270], "excluded_lines": [], "start_line": 242}, "_gen_segment": {"executed_lines": [343, 344, 345, 346, 347, 383, 384, 385, 386, 387, 388, 389, 390, 391, 392, 395, 396, 397, 398, 399, 408, 409, 410, 411], "summary": {"covered_lines": 24, "num_statements": 29, "percent_covered": 82.75862068965517, "percent_covered_display": "83", "missing_lines": 5, "excluded_lines": 0, "percent_statements_covered": 82.75862068965517, "percent_statements_covered_display": "83"}, "missing_lines": [393, 394, 412, 413, 414], "excluded_lines": [], "start_line": 332}, "_prewarm_segment_audio": {"executed_lines": [], "summary": {"covered_lines": 0, "num_statements": 6, "percent_covered": 0.0, "percent_covered_display": "0", "missing_lines": 6, "excluded_lines": 0, "percent_statements_covered": 0.0, "percent_statements_covered_display": "0"}, "missing_lines": [425, 426, 427, 428, 435, 436], "excluded_lines": [], "start_line": 417}, "_completed_segment_context": {"executed_lines": [446, 447, 448, 449, 450, 452, 460], "summary": {"covered_lines": 7, "num_statements": 8, "percent_covered": 87.5, "percent_covered_display": "88", "missing_lines": 1, "excluded_lines": 0, "percent_statements_covered": 87.5, "percent_statements_covered_display": "88"}, "missing_lines": [451], "excluded_lines": [], "start_line": 444}, "_seg_focus": {"executed_lines": [464, 465, 466, 467], "summary": {"covered_lines": 4, "num_statements": 4, "percent_covered": 100.0, "percent_covered_display": "100", "missing_lines": 0, "excluded_lines": 0, "percent_statements_covered": 100.0, "percent_statements_covered_display": "100"}, "missing_lines": [], "excluded_lines": [], "start_line": 463}, "_feedback_for_segment": {"executed_lines": [472, 473, 474, 476, 477, 478, 479, 480, 481, 482, 483], "summary": {"covered_lines": 11, "num_statements": 12, "percent_covered": 91.66666666666667, "percent_covered_display": "92", "missing_lines": 1, "excluded_lines": 0, "percent_statements_covered": 91.66666666666667, "percent_statements_covered_display": "92"}, "missing_lines": [475], "excluded_lines": [], "start_line": 470}, "reviewer_node": {"executed_lines": [492, 493, 494, 495, 499, 500, 501, 505, 519, 524, 525, 546, 547, 548, 549, 550, 551, 552, 553, 554, 558, 559, 560, 561, 562, 563, 572, 580, 581, 582, 586, 588, 642, 643, 644, 645, 646, 647, 648, 652, 653, 654, 655, 668], "summary": {"covered_lines": 44, "num_statements": 49, "percent_covered": 89.79591836734694, "percent_covered_display": "90", "missing_lines": 5, "excluded_lines": 0, "percent_statements_covered": 89.79591836734694, "percent_statements_covered_display": "90"}, "missing_lines": [526, 527, 528, 529, 538], "excluded_lines": [], "start_line": 490}, "reviewer_node.review_scene": {"executed_lines": [589, 590, 609, 610, 611, 612, 613, 615, 616, 620, 621, 623, 634], "summary": {"covered_lines": 13, "num_statements": 19, "percent_covered": 68.42105263157895, "percent_covered_display": "68", "missing_lines": 6, "excluded_lines": 0, "percent_statements_covered": 68.42105263157895, "percent_statements_covered_display": "68"}, "missing_lines": [614, 622, 635, 638, 639, 640], "excluded_lines": [], "start_line": 588}, "_parse_review_result": {"executed_lines": [682, 683, 685, 686, 689, 690, 691, 693], "summary": {"covered_lines": 8, "num_statements": 12, "percent_covered": 66.66666666666667, "percent_covered_display": "67", "missing_lines": 4, "excluded_lines": 0, "percent_statements_covered": 66.66666666666667, "percent_statements_covered_display": "67"}, "missing_lines": [684, 687, 688, 692], "excluded_lines": [], "start_line": 680}, "_concept_definition_contract_issue": {"executed_lines": [698, 701, 702, 703, 706, 707, 708, 714, 715, 716, 717, 718, 719, 720, 726], "summary": {"covered_lines": 15, "num_statements": 17, "percent_covered": 88.23529411764706, "percent_covered_display": "88", "missing_lines": 2, "excluded_lines": 0, "percent_statements_covered": 88.23529411764706, "percent_statements_covered_display": "88"}, "missing_lines": [699, 721], "excluded_lines": [], "start_line": 696}, "should_continue": {"executed_lines": [734, 735, 736, 737, 738, 739, 740, 741, 742], "summary": {"covered_lines": 9, "num_statements": 9, "percent_covered": 100.0, "percent_covered_display": "100", "missing_lines": 0, "excluded_lines": 0, "percent_statements_covered": 100.0, "percent_statements_covered_display": "100"}, "missing_lines": [], "excluded_lines": [], "start_line": 733}, "build_classroom_graph": {"executed_lines": [746, 747, 748, 749, 750, 751, 756], "summary": {"covered_lines": 7, "num_statements": 7, "percent_covered": 100.0, "percent_covered_display": "100", "missing_lines": 0, "excluded_lines": 0, "percent_statements_covered": 100.0, "percent_statements_covered_display": "100"}, "missing_lines": [], "excluded_lines": [], "start_line": 745}, "": {"executed_lines": [5, 6, 7, 8, 9, 10, 12, 14, 15, 16, 17, 25, 32, 35, 43, 44, 45, 46, 47, 48, 49, 52, 58, 65, 77, 79, 80, 81, 82, 83, 84, 85, 86, 87, 88, 89, 90, 91, 92, 93, 96, 97, 98, 101, 102, 103, 104, 107, 108, 115, 151, 202, 242, 332, 417, 444, 463, 470, 490, 680, 696, 733, 745, 759], "summary": {"covered_lines": 64, "num_statements": 64, "percent_covered": 100.0, "percent_covered_display": "100", "missing_lines": 0, "excluded_lines": 0, "percent_statements_covered": 100.0, "percent_statements_covered_display": "100"}, "missing_lines": [], "excluded_lines": [], "start_line": 1}}, "classes": {"ClassroomState": {"executed_lines": [], "summary": {"covered_lines": 0, "num_statements": 0, "percent_covered": 100.0, "percent_covered_display": "100", "missing_lines": 0, "excluded_lines": 0, "percent_statements_covered": 100.0, "percent_statements_covered_display": "100"}, "missing_lines": [], "excluded_lines": [], "start_line": 77}, "": {"executed_lines": [5, 6, 7, 8, 9, 10, 12, 14, 15, 16, 17, 25, 32, 35, 43, 44, 45, 46, 47, 48, 49, 52, 58, 65, 77, 79, 80, 81, 82, 83, 84, 85, 86, 87, 88, 89, 90, 91, 92, 93, 96, 97, 98, 101, 102, 103, 104, 107, 108, 115, 117, 118, 119, 120, 121, 122, 123, 124, 125, 126, 127, 128, 136, 145, 151, 153, 154, 155, 156, 181, 182, 183, 184, 185, 186, 187, 190, 191, 199, 202, 204, 205, 214, 215, 216, 217, 219, 220, 222, 227, 228, 229, 230, 231, 242, 244, 245, 246, 247, 248, 249, 250, 255, 260, 263, 265, 272, 273, 279, 284, 285, 286, 287, 296, 297, 298, 299, 300, 311, 312, 313, 322, 323, 332, 343, 344, 345, 346, 347, 383, 384, 385, 386, 387, 388, 389, 390, 391, 392, 395, 396, 397, 398, 399, 408, 409, 410, 411, 417, 444, 446, 447, 448, 449, 450, 452, 460, 463, 464, 465, 466, 467, 470, 472, 473, 474, 476, 477, 478, 479, 480, 481, 482, 483, 490, 492, 493, 494, 495, 499, 500, 501, 505, 519, 524, 525, 546, 547, 548, 549, 550, 551, 552, 553, 554, 558, 559, 560, 561, 562, 563, 572, 580, 581, 582, 586, 588, 589, 590, 609, 610, 611, 612, 613, 615, 616, 620, 621, 623, 634, 642, 643, 644, 645, 646, 647, 648, 652, 653, 654, 655, 668, 680, 682, 683, 685, 686, 689, 690, 691, 693, 696, 698, 701, 702, 703, 706, 707, 708, 714, 715, 716, 717, 718, 719, 720, 726, 733, 734, 735, 736, 737, 738, 739, 740, 741, 742, 745, 746, 747, 748, 749, 750, 751, 756, 759], "summary": {"covered_lines": 276, "num_statements": 315, "percent_covered": 87.61904761904762, "percent_covered_display": "88", "missing_lines": 39, "excluded_lines": 0, "percent_statements_covered": 87.61904761904762, "percent_statements_covered_display": "88"}, "missing_lines": [146, 147, 148, 188, 189, 218, 221, 266, 270, 393, 394, 412, 413, 414, 425, 426, 427, 428, 435, 436, 451, 475, 526, 527, 528, 529, 538, 614, 622, 635, 638, 639, 640, 684, 687, 688, 692, 699, 721], "excluded_lines": [], "start_line": 1}}}, "src\\ai_core\\llm_config.py": {"executed_lines": [2, 3, 4, 5, 6, 7, 8, 9, 10, 11, 13, 15, 20, 26, 27, 28, 31, 34, 39, 42, 43, 53, 56, 59, 68, 77, 88, 90, 93, 94, 97, 98, 101, 102, 103, 105, 106, 107, 110, 123, 126, 133, 134, 135, 138, 140, 153, 158, 159, 169, 243, 283, 285, 286], "summary": {"covered_lines": 54, "num_statements": 156, "percent_covered": 34.61538461538461, "percent_covered_display": "35", "missing_lines": 102, "excluded_lines": 0, "percent_statements_covered": 34.61538461538461, "percent_statements_covered_display": "35"}, "missing_lines": [29, 30, 61, 62, 63, 64, 65, 111, 112, 113, 114, 115, 116, 117, 118, 119, 120, 146, 147, 148, 149, 150, 151, 154, 155, 156, 161, 162, 163, 164, 165, 166, 167, 177, 179, 182, 183, 184, 185, 186, 187, 191, 192, 194, 195, 196, 197, 198, 199, 200, 201, 202, 204, 205, 206, 207, 208, 209, 211, 213, 214, 215, 216, 217, 221, 222, 223, 226, 227, 228, 229, 230, 232, 233, 235, 236, 237, 238, 239, 241, 251, 252, 254, 255, 256, 257, 258, 259, 261, 264, 265, 266, 267, 268, 270, 271, 273, 274, 275, 276, 277, 279], "excluded_lines": [], "functions": {"_build_chat_model": {"executed_lines": [27, 28, 31], "summary": {"covered_lines": 3, "num_statements": 5, "percent_covered": 60.0, "percent_covered_display": "60", "missing_lines": 2, "excluded_lines": 0, "percent_statements_covered": 60.0, "percent_statements_covered_display": "60"}, "missing_lines": [29, 30], "excluded_lines": [], "start_line": 26}, "_build_text_model": {"executed_lines": [43], "summary": {"covered_lines": 1, "num_statements": 1, "percent_covered": 100.0, "percent_covered_display": "100", "missing_lines": 0, "excluded_lines": 0, "percent_statements_covered": 100.0, "percent_statements_covered_display": "100"}, "missing_lines": [], "excluded_lines": [], "start_line": 42}, "_profile_llm": {"executed_lines": [], "summary": {"covered_lines": 0, "num_statements": 5, "percent_covered": 0.0, "percent_covered_display": "0", "missing_lines": 5, "excluded_lines": 0, "percent_statements_covered": 0.0, "percent_statements_covered_display": "0"}, "missing_lines": [61, 62, 63, 64, 65], "excluded_lines": [], "start_line": 59}, "_get_user_sync_sem": {"executed_lines": [], "summary": {"covered_lines": 0, "num_statements": 10, "percent_covered": 0.0, "percent_covered_display": "0", "missing_lines": 10, "excluded_lines": 0, "percent_statements_covered": 0.0, "percent_statements_covered_display": "0"}, "missing_lines": [111, 112, 113, 114, 115, 116, 117, 118, 119, 120], "excluded_lines": [], "start_line": 110}, "_PriorityLLM.__init__": {"executed_lines": [133, 134, 135, 138], "summary": {"covered_lines": 4, "num_statements": 4, "percent_covered": 100.0, "percent_covered_display": "100", "missing_lines": 0, "excluded_lines": 0, "percent_statements_covered": 100.0, "percent_statements_covered_display": "100"}, "missing_lines": [], "excluded_lines": [], "start_line": 126}, "_PriorityLLM._target": {"executed_lines": [], "summary": {"covered_lines": 0, "num_statements": 6, "percent_covered": 0.0, "percent_covered_display": "0", "missing_lines": 6, "excluded_lines": 0, "percent_statements_covered": 0.0, "percent_statements_covered_display": "0"}, "missing_lines": [146, 147, 148, 149, 150, 151], "excluded_lines": [], "start_line": 140}, "_PriorityLLM.__getattr__": {"executed_lines": [], "summary": {"covered_lines": 0, "num_statements": 3, "percent_covered": 0.0, "percent_covered_display": "0", "missing_lines": 3, "excluded_lines": 0, "percent_statements_covered": 0.0, "percent_statements_covered_display": "0"}, "missing_lines": [154, 155, 156], "excluded_lines": [], "start_line": 153}, "_PriorityLLM._prompt_to_key": {"executed_lines": [], "summary": {"covered_lines": 0, "num_statements": 7, "percent_covered": 0.0, "percent_covered_display": "0", "missing_lines": 7, "excluded_lines": 0, "percent_statements_covered": 0.0, "percent_statements_covered_display": "0"}, "missing_lines": [161, 162, 163, 164, 165, 166, 167], "excluded_lines": [], "start_line": 159}, "_PriorityLLM.ainvoke": {"executed_lines": [], "summary": {"covered_lines": 0, "num_statements": 33, "percent_covered": 0.0, "percent_covered_display": "0", "missing_lines": 33, "excluded_lines": 0, "percent_statements_covered": 0.0, "percent_statements_covered_display": "0"}, "missing_lines": [177, 179, 182, 183, 184, 185, 186, 187, 191, 192, 194, 195, 196, 197, 198, 199, 200, 201, 202, 204, 226, 227, 228, 229, 230, 232, 233, 235, 236, 237, 238, 239, 241], "excluded_lines": [], "start_line": 169}, "_PriorityLLM.ainvoke._call": {"executed_lines": [], "summary": {"covered_lines": 0, "num_statements": 14, "percent_covered": 0.0, "percent_covered_display": "0", "missing_lines": 14, "excluded_lines": 0, "percent_statements_covered": 0.0, "percent_statements_covered_display": "0"}, "missing_lines": [205, 206, 207, 208, 209, 211, 213, 214, 215, 216, 217, 221, 222, 223], "excluded_lines": [], "start_line": 204}, "_PriorityLLM.invoke": {"executed_lines": [], "summary": {"covered_lines": 0, "num_statements": 16, "percent_covered": 0.0, "percent_covered_display": "0", "missing_lines": 16, "excluded_lines": 0, "percent_statements_covered": 0.0, "percent_statements_covered_display": "0"}, "missing_lines": [251, 252, 254, 264, 265, 266, 267, 268, 270, 271, 273, 274, 275, 276, 277, 279], "excluded_lines": [], "start_line": 243}, "_PriorityLLM.invoke._call": {"executed_lines": [], "summary": {"covered_lines": 0, "num_statements": 6, "percent_covered": 0.0, "percent_covered_display": "0", "missing_lines": 6, "excluded_lines": 0, "percent_statements_covered": 0.0, "percent_statements_covered_display": "0"}, "missing_lines": [255, 256, 257, 258, 259, 261], "excluded_lines": [], "start_line": 254}, "": {"executed_lines": [2, 3, 4, 5, 6, 7, 8, 9, 10, 11, 13, 15, 20, 26, 34, 39, 42, 53, 56, 59, 68, 77, 88, 90, 93, 94, 97, 98, 101, 102, 103, 105, 106, 107, 110, 123, 126, 140, 153, 158, 159, 169, 243, 283, 285, 286], "summary": {"covered_lines": 46, "num_statements": 46, "percent_covered": 100.0, "percent_covered_display": "100", "missing_lines": 0, "excluded_lines": 0, "percent_statements_covered": 100.0, "percent_statements_covered_display": "100"}, "missing_lines": [], "excluded_lines": [], "start_line": 1}}, "classes": {"_PriorityLLM": {"executed_lines": [133, 134, 135, 138], "summary": {"covered_lines": 4, "num_statements": 89, "percent_covered": 4.49438202247191, "percent_covered_display": "4", "missing_lines": 85, "excluded_lines": 0, "percent_statements_covered": 4.49438202247191, "percent_statements_covered_display": "4"}, "missing_lines": [146, 147, 148, 149, 150, 151, 154, 155, 156, 161, 162, 163, 164, 165, 166, 167, 177, 179, 182, 183, 184, 185, 186, 187, 191, 192, 194, 195, 196, 197, 198, 199, 200, 201, 202, 204, 205, 206, 207, 208, 209, 211, 213, 214, 215, 216, 217, 221, 222, 223, 226, 227, 228, 229, 230, 232, 233, 235, 236, 237, 238, 239, 241, 251, 252, 254, 255, 256, 257, 258, 259, 261, 264, 265, 266, 267, 268, 270, 271, 273, 274, 275, 276, 277, 279], "excluded_lines": [], "start_line": 123}, "": {"executed_lines": [2, 3, 4, 5, 6, 7, 8, 9, 10, 11, 13, 15, 20, 26, 27, 28, 31, 34, 39, 42, 43, 53, 56, 59, 68, 77, 88, 90, 93, 94, 97, 98, 101, 102, 103, 105, 106, 107, 110, 123, 126, 140, 153, 158, 159, 169, 243, 283, 285, 286], "summary": {"covered_lines": 50, "num_statements": 67, "percent_covered": 74.6268656716418, "percent_covered_display": "75", "missing_lines": 17, "excluded_lines": 0, "percent_statements_covered": 74.6268656716418, "percent_statements_covered_display": "75"}, "missing_lines": [29, 30, 61, 62, 63, 64, 65, 111, 112, 113, 114, 115, 116, 117, 118, 119, 120], "excluded_lines": [], "start_line": 1}}}, "src\\ai_core\\path_graph.py": {"executed_lines": [5, 6, 7, 8, 9, 11, 13, 14, 18, 22, 23, 25, 28, 29, 30, 33, 36, 39, 40, 41, 42, 43, 46, 53, 54, 55, 56, 57, 58, 59, 60, 61, 62, 67, 68, 69, 72, 73, 74, 76, 77, 78, 79, 80, 83, 84, 85, 86, 87, 88, 89, 90, 91, 92, 93, 94, 95, 103, 113, 114, 115, 122, 125, 126, 127, 128, 131, 137, 151, 152, 153, 154, 155, 156, 161, 162, 163, 180, 183, 184, 185, 186, 187, 188, 189, 209, 212, 222, 223, 224, 225, 226, 227, 228, 231, 245, 246, 249, 250, 260, 261, 262, 263, 264, 265, 266, 267, 268, 270, 276, 277, 284, 287, 289, 290, 291, 292, 293, 295, 296, 297, 299, 300, 301, 302, 316, 317, 318, 319, 322, 323, 329, 330, 332, 336, 338, 339, 340, 348, 349, 350, 364, 365, 366, 367, 368, 369, 370, 371, 372, 374, 376, 378, 379, 382, 383, 384, 391, 393, 394, 405, 406, 411, 412, 413, 414, 415, 419, 420, 421, 422, 423, 424, 425, 427, 430, 431, 432, 434, 440, 453, 455, 456, 457, 461, 462, 463, 464, 465, 466, 467, 470, 471, 472, 474, 476, 478, 479, 480, 492, 494, 509, 510, 511, 512, 513, 514, 515, 516, 517, 518, 521, 522, 523, 532, 533, 535, 536, 542, 545, 550, 551, 552, 553, 554, 555, 556, 557, 558, 563, 569, 578, 585, 638, 651, 652, 654, 655, 656, 658, 659, 660, 661, 667, 670], "summary": {"covered_lines": 245, "num_statements": 300, "percent_covered": 81.66666666666667, "percent_covered_display": "82", "missing_lines": 55, "excluded_lines": 0, "percent_statements_covered": 81.66666666666667, "percent_statements_covered_display": "82"}, "missing_lines": [247, 271, 272, 298, 303, 308, 309, 310, 311, 312, 313, 314, 416, 417, 418, 428, 458, 459, 530, 531, 572, 587, 588, 589, 590, 592, 593, 594, 595, 596, 598, 605, 606, 607, 608, 609, 610, 613, 614, 616, 617, 618, 619, 620, 621, 623, 624, 625, 626, 639, 640, 641, 642, 643, 644], "excluded_lines": [], "functions": {"_safe_int": {"executed_lines": [40, 41, 42, 43], "summary": {"covered_lines": 4, "num_statements": 4, "percent_covered": 100.0, "percent_covered_display": "100", "missing_lines": 0, "excluded_lines": 0, "percent_statements_covered": 100.0, "percent_statements_covered_display": "100"}, "missing_lines": [], "excluded_lines": [], "start_line": 39}, "_outline_rejection_reason": {"executed_lines": [53, 54, 55, 56, 57, 58, 59, 60, 61, 62, 67, 68, 69], "summary": {"covered_lines": 13, "num_statements": 13, "percent_covered": 100.0, "percent_covered_display": "100", "missing_lines": 0, "excluded_lines": 0, "percent_statements_covered": 100.0, "percent_statements_covered_display": "100"}, "missing_lines": [], "excluded_lines": [], "start_line": 46}, "_normalize_topic_outline": {"executed_lines": [73, 74, 76, 77, 78, 79, 80, 83, 84, 85, 86, 87, 88, 89, 90, 91, 92, 93, 94, 95, 103, 113, 114, 115], "summary": {"covered_lines": 24, "num_statements": 24, "percent_covered": 100.0, "percent_covered_display": "100", "missing_lines": 0, "excluded_lines": 0, "percent_statements_covered": 100.0, "percent_statements_covered_display": "100"}, "missing_lines": [], "excluded_lines": [], "start_line": 72}, "_fallback_topic_outline": {"executed_lines": [126, 127, 128, 131, 137, 151, 152, 153, 154, 155, 156, 161, 162, 163, 180], "summary": {"covered_lines": 15, "num_statements": 15, "percent_covered": 100.0, "percent_covered_display": "100", "missing_lines": 0, "excluded_lines": 0, "percent_statements_covered": 100.0, "percent_statements_covered_display": "100"}, "missing_lines": [], "excluded_lines": [], "start_line": 125}, "_fallback_group_nodes": {"executed_lines": [184, 185, 186, 187, 188, 189, 209], "summary": {"covered_lines": 7, "num_statements": 7, "percent_covered": 100.0, "percent_covered_display": "100", "missing_lines": 0, "excluded_lines": 0, "percent_statements_covered": 100.0, "percent_statements_covered_display": "100"}, "missing_lines": [], "excluded_lines": [], "start_line": 183}, "_merge_with_fallback": {"executed_lines": [222, 223, 224, 225, 226, 227, 228], "summary": {"covered_lines": 7, "num_statements": 7, "percent_covered": 100.0, "percent_covered_display": "100", "missing_lines": 0, "excluded_lines": 0, "percent_statements_covered": 100.0, "percent_statements_covered_display": "100"}, "missing_lines": [], "excluded_lines": [], "start_line": 212}, "_expand_topic_outline": {"executed_lines": [245, 246, 249, 250, 260, 261, 262, 263, 264, 265, 266, 267, 268, 270, 276, 277, 284], "summary": {"covered_lines": 17, "num_statements": 20, "percent_covered": 85.0, "percent_covered_display": "85", "missing_lines": 3, "excluded_lines": 0, "percent_statements_covered": 85.0, "percent_statements_covered_display": "85"}, "missing_lines": [247, 271, 272], "excluded_lines": [], "start_line": 231}, "parse_or_repair_leader_result": {"executed_lines": [289, 290, 291, 292, 293, 295, 296, 297, 299, 300, 301, 302, 316, 317, 318, 319, 322, 323, 329, 330, 332, 336, 338, 339, 340, 348, 349, 350], "summary": {"covered_lines": 28, "num_statements": 37, "percent_covered": 75.67567567567568, "percent_covered_display": "76", "missing_lines": 9, "excluded_lines": 0, "percent_statements_covered": 75.67567567567568, "percent_statements_covered_display": "76"}, "missing_lines": [298, 303, 308, 309, 310, 311, 312, 313, 314], "excluded_lines": [], "start_line": 287}, "leader_node": {"executed_lines": [393, 394, 405, 406, 411, 412, 413, 414, 415, 419, 420, 421, 422, 423, 424, 425, 427, 430, 431, 432, 434, 440], "summary": {"covered_lines": 22, "num_statements": 26, "percent_covered": 84.61538461538461, "percent_covered_display": "85", "missing_lines": 4, "excluded_lines": 0, "percent_statements_covered": 84.61538461538461, "percent_statements_covered_display": "85"}, "missing_lines": [416, 417, 418, 428], "excluded_lines": [], "start_line": 391}, "executor_node": {"executed_lines": [455, 456, 457, 461, 462, 463, 464, 465, 466, 467, 470, 471, 472, 474, 476, 545, 550, 551, 552, 553, 554, 555, 556, 557, 558, 563, 569, 578], "summary": {"covered_lines": 28, "num_statements": 31, "percent_covered": 90.3225806451613, "percent_covered_display": "90", "missing_lines": 3, "excluded_lines": 0, "percent_statements_covered": 90.3225806451613, "percent_statements_covered_display": "90"}, "missing_lines": [458, 459, 572], "excluded_lines": [], "start_line": 453}, "executor_node.generate_group": {"executed_lines": [478, 479, 480, 492, 494, 509, 510, 511, 512, 513, 514, 515, 516, 517, 518, 521, 522, 523, 532, 533, 535, 536, 542], "summary": {"covered_lines": 23, "num_statements": 25, "percent_covered": 92.0, "percent_covered_display": "92", "missing_lines": 2, "excluded_lines": 0, "percent_statements_covered": 92.0, "percent_statements_covered_display": "92"}, "missing_lines": [530, 531], "excluded_lines": [], "start_line": 476}, "reviewer_node": {"executed_lines": [], "summary": {"covered_lines": 0, "num_statements": 28, "percent_covered": 0.0, "percent_covered_display": "0", "missing_lines": 28, "excluded_lines": 0, "percent_statements_covered": 0.0, "percent_statements_covered_display": "0"}, "missing_lines": [587, 588, 589, 590, 592, 593, 594, 595, 596, 598, 605, 606, 607, 608, 609, 610, 613, 614, 616, 617, 618, 619, 620, 621, 623, 624, 625, 626], "excluded_lines": [], "start_line": 585}, "should_continue": {"executed_lines": [], "summary": {"covered_lines": 0, "num_statements": 6, "percent_covered": 0.0, "percent_covered_display": "0", "missing_lines": 6, "excluded_lines": 0, "percent_statements_covered": 0.0, "percent_statements_covered_display": "0"}, "missing_lines": [639, 640, 641, 642, 643, 644], "excluded_lines": [], "start_line": 638}, "build_path_graph": {"executed_lines": [652, 654, 655, 656, 658, 659, 660, 661, 667], "summary": {"covered_lines": 9, "num_statements": 9, "percent_covered": 100.0, "percent_covered_display": "100", "missing_lines": 0, "excluded_lines": 0, "percent_statements_covered": 100.0, "percent_statements_covered_display": "100"}, "missing_lines": [], "excluded_lines": [], "start_line": 651}, "": {"executed_lines": [5, 6, 7, 8, 9, 11, 13, 14, 18, 22, 23, 25, 28, 29, 30, 33, 36, 39, 46, 72, 122, 125, 183, 212, 231, 287, 364, 365, 366, 367, 368, 369, 370, 371, 372, 374, 376, 378, 379, 382, 383, 384, 391, 453, 585, 638, 651, 670], "summary": {"covered_lines": 48, "num_statements": 48, "percent_covered": 100.0, "percent_covered_display": "100", "missing_lines": 0, "excluded_lines": 0, "percent_statements_covered": 100.0, "percent_statements_covered_display": "100"}, "missing_lines": [], "excluded_lines": [], "start_line": 1}}, "classes": {"PathState": {"executed_lines": [], "summary": {"covered_lines": 0, "num_statements": 0, "percent_covered": 100.0, "percent_covered_display": "100", "missing_lines": 0, "excluded_lines": 0, "percent_statements_covered": 100.0, "percent_statements_covered_display": "100"}, "missing_lines": [], "excluded_lines": [], "start_line": 364}, "": {"executed_lines": [5, 6, 7, 8, 9, 11, 13, 14, 18, 22, 23, 25, 28, 29, 30, 33, 36, 39, 40, 41, 42, 43, 46, 53, 54, 55, 56, 57, 58, 59, 60, 61, 62, 67, 68, 69, 72, 73, 74, 76, 77, 78, 79, 80, 83, 84, 85, 86, 87, 88, 89, 90, 91, 92, 93, 94, 95, 103, 113, 114, 115, 122, 125, 126, 127, 128, 131, 137, 151, 152, 153, 154, 155, 156, 161, 162, 163, 180, 183, 184, 185, 186, 187, 188, 189, 209, 212, 222, 223, 224, 225, 226, 227, 228, 231, 245, 246, 249, 250, 260, 261, 262, 263, 264, 265, 266, 267, 268, 270, 276, 277, 284, 287, 289, 290, 291, 292, 293, 295, 296, 297, 299, 300, 301, 302, 316, 317, 318, 319, 322, 323, 329, 330, 332, 336, 338, 339, 340, 348, 349, 350, 364, 365, 366, 367, 368, 369, 370, 371, 372, 374, 376, 378, 379, 382, 383, 384, 391, 393, 394, 405, 406, 411, 412, 413, 414, 415, 419, 420, 421, 422, 423, 424, 425, 427, 430, 431, 432, 434, 440, 453, 455, 456, 457, 461, 462, 463, 464, 465, 466, 467, 470, 471, 472, 474, 476, 478, 479, 480, 492, 494, 509, 510, 511, 512, 513, 514, 515, 516, 517, 518, 521, 522, 523, 532, 533, 535, 536, 542, 545, 550, 551, 552, 553, 554, 555, 556, 557, 558, 563, 569, 578, 585, 638, 651, 652, 654, 655, 656, 658, 659, 660, 661, 667, 670], "summary": {"covered_lines": 245, "num_statements": 300, "percent_covered": 81.66666666666667, "percent_covered_display": "82", "missing_lines": 55, "excluded_lines": 0, "percent_statements_covered": 81.66666666666667, "percent_statements_covered_display": "82"}, "missing_lines": [247, 271, 272, 298, 303, 308, 309, 310, 311, 312, 313, 314, 416, 417, 418, 428, 458, 459, 530, 531, 572, 587, 588, 589, 590, 592, 593, 594, 595, 596, 598, 605, 606, 607, 608, 609, 610, 613, 614, 616, 617, 618, 619, 620, 621, 623, 624, 625, 626, 639, 640, 641, 642, 643, 644], "excluded_lines": [], "start_line": 1}}}, "src\\ai_core\\ppt_planner.py": {"executed_lines": [3, 5, 6, 7, 9, 10, 11, 13, 16, 17, 18, 19, 20, 25, 32, 34, 35, 36, 37, 39, 44, 49, 50, 52, 54, 56, 58, 61, 62, 65, 66, 73, 257, 299], "summary": {"covered_lines": 34, "num_statements": 115, "percent_covered": 29.565217391304348, "percent_covered_display": "30", "missing_lines": 81, "excluded_lines": 1, "percent_statements_covered": 29.565217391304348, "percent_statements_covered_display": "30"}, "missing_lines": [51, 53, 55, 57, 59, 78, 79, 114, 177, 178, 179, 180, 181, 182, 190, 191, 192, 193, 194, 195, 196, 197, 198, 199, 200, 201, 203, 204, 205, 206, 208, 209, 210, 211, 213, 214, 215, 216, 217, 230, 234, 235, 242, 244, 245, 246, 247, 248, 249, 250, 251, 252, 253, 254, 262, 263, 264, 266, 284, 285, 286, 287, 288, 289, 290, 291, 292, 293, 294, 295, 296, 304, 327, 328, 329, 330, 331, 332, 333, 334, 335], "excluded_lines": [305], "functions": {"estimate_ppt_section_count": {"executed_lines": [34, 35, 36, 37, 39, 44, 49, 50, 52, 54, 56, 58, 61, 62], "summary": {"covered_lines": 14, "num_statements": 19, "percent_covered": 73.6842105263158, "percent_covered_display": "74", "missing_lines": 5, "excluded_lines": 0, "percent_statements_covered": 73.6842105263158, "percent_statements_covered_display": "74"}, "missing_lines": [51, 53, 55, 57, 59], "excluded_lines": [], "start_line": 32}, "generate_ppt_outline": {"executed_lines": [], "summary": {"covered_lines": 0, "num_statements": 16, "percent_covered": 0.0, "percent_covered_display": "0", "missing_lines": 16, "excluded_lines": 0, "percent_statements_covered": 0.0, "percent_statements_covered_display": "0"}, "missing_lines": [78, 79, 114, 177, 190, 244, 245, 246, 247, 248, 249, 250, 251, 252, 253, 254], "excluded_lines": [], "start_line": 73}, "generate_ppt_outline._normalize_section": {"executed_lines": [], "summary": {"covered_lines": 0, "num_statements": 5, "percent_covered": 0.0, "percent_covered_display": "0", "missing_lines": 5, "excluded_lines": 0, "percent_statements_covered": 0.0, "percent_statements_covered_display": "0"}, "missing_lines": [178, 179, 180, 181, 182], "excluded_lines": [], "start_line": 177}, "generate_ppt_outline._pack_plan": {"executed_lines": [], "summary": {"covered_lines": 0, "num_statements": 28, "percent_covered": 0.0, "percent_covered_display": "0", "missing_lines": 28, "excluded_lines": 0, "percent_statements_covered": 0.0, "percent_statements_covered_display": "0"}, "missing_lines": [191, 192, 193, 194, 195, 196, 197, 198, 199, 200, 201, 203, 204, 205, 206, 208, 209, 210, 211, 213, 214, 215, 216, 217, 230, 234, 235, 242], "excluded_lines": [], "start_line": 190}, "generate_formula_sheet": {"executed_lines": [], "summary": {"covered_lines": 0, "num_statements": 17, "percent_covered": 0.0, "percent_covered_display": "0", "missing_lines": 17, "excluded_lines": 0, "percent_statements_covered": 0.0, "percent_statements_covered_display": "0"}, "missing_lines": [262, 263, 264, 266, 284, 285, 286, 287, 288, 289, 290, 291, 292, 293, 294, 295, 296], "excluded_lines": [], "start_line": 257}, "generate_learning_objectives": {"executed_lines": [], "summary": {"covered_lines": 0, "num_statements": 10, "percent_covered": 0.0, "percent_covered_display": "0", "missing_lines": 10, "excluded_lines": 1, "percent_statements_covered": 0.0, "percent_statements_covered_display": "0"}, "missing_lines": [304, 327, 328, 329, 330, 331, 332, 333, 334, 335], "excluded_lines": [305], "start_line": 299}, "": {"executed_lines": [3, 5, 6, 7, 9, 10, 11, 13, 16, 17, 18, 19, 20, 25, 32, 65, 66, 73, 257, 299], "summary": {"covered_lines": 20, "num_statements": 20, "percent_covered": 100.0, "percent_covered_display": "100", "missing_lines": 0, "excluded_lines": 0, "percent_statements_covered": 100.0, "percent_statements_covered_display": "100"}, "missing_lines": [], "excluded_lines": [], "start_line": 1}}, "classes": {"": {"executed_lines": [3, 5, 6, 7, 9, 10, 11, 13, 16, 17, 18, 19, 20, 25, 32, 34, 35, 36, 37, 39, 44, 49, 50, 52, 54, 56, 58, 61, 62, 65, 66, 73, 257, 299], "summary": {"covered_lines": 34, "num_statements": 115, "percent_covered": 29.565217391304348, "percent_covered_display": "30", "missing_lines": 81, "excluded_lines": 1, "percent_statements_covered": 29.565217391304348, "percent_statements_covered_display": "30"}, "missing_lines": [51, 53, 55, 57, 59, 78, 79, 114, 177, 178, 179, 180, 181, 182, 190, 191, 192, 193, 194, 195, 196, 197, 198, 199, 200, 201, 203, 204, 205, 206, 208, 209, 210, 211, 213, 214, 215, 216, 217, 230, 234, 235, 242, 244, 245, 246, 247, 248, 249, 250, 251, 252, 253, 254, 262, 263, 264, 266, 284, 285, 286, 287, 288, 289, 290, 291, 292, 293, 294, 295, 296, 304, 327, 328, 329, 330, 331, 332, 333, 334, 335], "excluded_lines": [305], "start_line": 1}}}, "src\\ai_core\\resource_graph.py": {"executed_lines": [5, 6, 7, 8, 9, 10, 11, 12, 14, 16, 17, 28, 33, 42, 43, 44, 45, 46, 47, 48, 57, 59, 62, 63, 64, 69, 70, 71, 76, 77, 80, 92, 98, 99, 100, 101, 102, 103, 104, 105, 106, 107, 108, 109, 110, 111, 112, 113, 114, 115, 116, 117, 118, 119, 120, 121, 122, 123, 124, 131, 179, 182, 183, 186, 187, 188, 189, 191, 199, 206, 208, 227, 228, 229, 230, 231, 232, 233, 234, 235, 237, 238, 239, 240, 241, 242, 243, 246, 247, 248, 249, 250, 251, 252, 253, 276, 277, 278, 279, 284, 287, 1204, 1209, 1210, 1211, 1212, 1213, 1214, 1221, 1222, 1223, 1224, 1225, 1226, 1227, 1228, 1230, 1233, 1241, 1242, 1258, 1264, 1265, 1266, 1267, 1273, 1274, 1275, 1276, 1277, 1278, 1279, 1280, 1283, 1286, 1288, 1289, 1294, 1297, 1305, 1306, 1309, 1316, 1317, 1318, 1319, 1320, 1321, 1322, 1325, 1338, 1343, 1354, 1355, 1356, 1357, 1363, 1364, 1370, 1388, 1389, 1390, 1391, 1392, 1396, 1416, 1417, 1418, 1419, 1421, 1422, 1425, 1433, 1435, 1442, 1443, 1444, 1445, 1450, 1456, 1457, 1468, 1469, 1470, 1484, 1485, 1486, 1487, 1488, 1489, 1490, 1491, 1498, 1499, 1500, 1501, 1502, 1503, 1522, 1525, 1532, 1535, 1536, 1537, 1538, 1539, 1542, 1543, 1546, 1547, 1555, 1556, 1558, 1559, 1560, 1572, 1576, 1578, 1582, 1583, 1584, 1597, 1601, 1606, 1607, 1608, 1610, 1622, 1627, 1628, 1630, 1631, 1634, 1636, 1637, 1638, 1640, 1641, 1645, 1646, 1647, 1648, 1649, 1650, 1656, 1665, 1668, 1669, 1673, 1674, 1675, 1676, 1678, 1679, 1688, 1689, 1690, 1703, 1704, 1705, 1706, 1710, 1713, 1714, 1718, 1719, 1723, 1725, 1726, 1730, 1731, 1732, 1733, 1734, 1737, 1738, 1739, 1746, 1751, 1752, 1755, 1756, 1757, 1758, 1759, 1760, 1762, 1763, 1766, 1779, 1780, 1781, 1785, 1788, 1790, 1791, 1792, 1793, 1794, 1795, 1796, 1797, 1798, 1799, 1800, 1802, 1803, 1814, 1815, 1816, 1817, 1820, 1821, 1822, 1823, 1824, 1827, 1842, 1843, 1844, 1845, 1847, 1881, 1884, 1886, 1887, 1888, 1900, 1901, 1903, 1916, 1917, 1919, 1920, 1922, 1934, 1935, 1937, 1938, 1939, 1971, 1972, 1973, 1998, 1999, 2000, 2001, 2003, 2005, 2006, 2007, 2008, 2017, 2019, 2029, 2030, 2034, 2035, 2036, 2037, 2039, 2040, 2045, 2047, 2048, 2058, 2059, 2062, 2063, 2065, 2071, 2074, 2087, 2088, 2089, 2090, 2092, 2100, 2127, 2154, 2165, 2257, 2261, 2262, 2298, 2299, 2300, 2301, 2302, 2303, 2306, 2308, 2309, 2310, 2317, 2318, 2319, 2322, 2328, 2329, 2330, 2331, 2332, 2333, 2334, 2335, 2339, 2340, 2341, 2342, 2343, 2345, 2346, 2347, 2348, 2349, 2350, 2351, 2352, 2353, 2356, 2357, 2363, 2374, 2375, 2376, 2377, 2378, 2379, 2380, 2381, 2382, 2383, 2386, 2388, 2392, 2399, 2400, 2402, 2403, 2404, 2406, 2407, 2408, 2416, 2422, 2425], "summary": {"covered_lines": 447, "num_statements": 1154, "percent_covered": 38.73483535528596, "percent_covered_display": "39", "missing_lines": 707, "excluded_lines": 0, "percent_statements_covered": 38.73483535528596, "percent_statements_covered_display": "39"}, "missing_lines": [65, 66, 133, 134, 135, 136, 137, 146, 148, 149, 150, 151, 152, 154, 155, 156, 157, 158, 159, 161, 162, 163, 164, 166, 167, 176, 192, 244, 307, 308, 310, 311, 312, 313, 314, 316, 317, 319, 320, 321, 322, 323, 324, 325, 326, 327, 328, 329, 330, 331, 332, 334, 337, 338, 339, 342, 343, 345, 347, 348, 349, 350, 351, 352, 353, 354, 355, 356, 357, 358, 359, 360, 361, 362, 364, 366, 367, 368, 369, 370, 371, 372, 374, 380, 381, 382, 383, 385, 386, 387, 388, 389, 390, 391, 392, 393, 394, 396, 397, 398, 399, 400, 401, 402, 403, 404, 405, 406, 407, 408, 409, 410, 411, 412, 413, 414, 415, 416, 417, 418, 419, 420, 421, 422, 423, 424, 425, 426, 427, 428, 429, 430, 431, 432, 433, 434, 435, 436, 437, 438, 439, 440, 441, 442, 443, 445, 447, 448, 449, 451, 452, 453, 454, 456, 457, 458, 459, 460, 461, 462, 463, 467, 469, 470, 471, 472, 473, 474, 475, 476, 477, 481, 487, 488, 489, 490, 495, 496, 500, 501, 502, 504, 506, 507, 508, 509, 510, 512, 513, 515, 516, 518, 519, 520, 527, 528, 529, 530, 532, 533, 534, 536, 537, 545, 547, 558, 559, 560, 561, 567, 572, 573, 574, 575, 576, 578, 579, 580, 581, 582, 583, 585, 591, 596, 597, 598, 604, 606, 607, 608, 627, 643, 644, 647, 654, 662, 663, 664, 665, 667, 669, 677, 678, 681, 682, 683, 684, 685, 686, 688, 689, 690, 691, 692, 694, 695, 703, 704, 705, 707, 709, 710, 711, 712, 713, 714, 715, 716, 717, 718, 719, 723, 724, 725, 731, 732, 737, 742, 743, 750, 751, 753, 755, 756, 757, 758, 767, 768, 770, 777, 779, 780, 781, 786, 787, 788, 789, 790, 791, 793, 795, 796, 807, 808, 809, 814, 815, 817, 820, 824, 825, 826, 827, 828, 829, 833, 834, 836, 845, 846, 847, 848, 849, 850, 851, 852, 853, 872, 874, 875, 876, 882, 883, 890, 891, 892, 893, 894, 895, 896, 898, 900, 901, 902, 908, 909, 910, 912, 913, 914, 916, 917, 918, 929, 934, 935, 938, 939, 947, 948, 949, 950, 951, 952, 953, 954, 958, 959, 960, 961, 962, 963, 964, 965, 966, 967, 968, 969, 970, 971, 972, 983, 984, 985, 987, 988, 989, 990, 991, 992, 1003, 1004, 1005, 1007, 1009, 1010, 1011, 1012, 1013, 1014, 1015, 1027, 1030, 1031, 1032, 1033, 1034, 1036, 1038, 1039, 1040, 1041, 1042, 1043, 1044, 1045, 1046, 1049, 1050, 1051, 1052, 1053, 1054, 1065, 1066, 1068, 1069, 1070, 1072, 1073, 1084, 1090, 1091, 1102, 1103, 1104, 1105, 1106, 1107, 1108, 1109, 1111, 1112, 1113, 1125, 1127, 1129, 1131, 1132, 1133, 1136, 1138, 1140, 1141, 1142, 1143, 1144, 1145, 1147, 1148, 1149, 1151, 1164, 1165, 1168, 1173, 1174, 1175, 1176, 1177, 1178, 1179, 1180, 1181, 1182, 1183, 1185, 1186, 1191, 1193, 1194, 1196, 1197, 1229, 1281, 1282, 1365, 1366, 1367, 1393, 1394, 1397, 1398, 1399, 1400, 1401, 1402, 1403, 1481, 1482, 1492, 1496, 1497, 1540, 1588, 1589, 1590, 1591, 1782, 1783, 1848, 1849, 1850, 1851, 1852, 1853, 1854, 1855, 1856, 1857, 1858, 1859, 1860, 1861, 1862, 1863, 1864, 1865, 1866, 1869, 1870, 1871, 1872, 1873, 1874, 1876, 1877, 1878, 1879, 1889, 1890, 1897, 1898, 1902, 1921, 1940, 1941, 1949, 1950, 1951, 1952, 1953, 1954, 1955, 1957, 1958, 1959, 1960, 1961, 1962, 1963, 1964, 1965, 1966, 1967, 1968, 1969, 1974, 1975, 1976, 1978, 1985, 1986, 1987, 1988, 1989, 1990, 1991, 1992, 1993, 1994, 1995, 1996, 2020, 2021, 2025, 2041, 2042, 2043, 2044, 2060, 2066, 2067, 2068, 2069, 2070, 2072, 2073, 2075, 2076, 2077, 2078, 2079, 2080, 2081, 2082, 2084, 2085, 2086, 2102, 2103, 2104, 2105, 2106, 2107, 2109, 2110, 2111, 2112, 2113, 2114, 2118, 2119, 2120, 2121, 2122, 2124, 2130, 2131, 2132, 2133, 2135, 2136, 2143, 2149, 2150, 2167, 2168, 2169, 2170, 2171, 2173, 2174, 2175, 2179, 2180, 2181, 2182, 2184, 2185, 2186, 2187, 2188, 2189, 2190, 2191, 2192, 2193, 2194, 2200, 2201, 2202, 2212, 2213, 2214, 2215, 2216, 2217, 2219, 2220, 2221, 2222, 2224, 2227, 2228, 2229, 2230, 2231, 2232, 2233, 2234, 2235, 2236, 2238, 2239, 2241, 2250, 2265, 2266, 2267, 2268, 2269, 2270, 2271, 2273, 2274, 2275, 2277, 2278, 2279, 2280, 2281, 2282, 2283, 2288, 2290, 2291], "excluded_lines": [], "functions": {"_int_env": {"executed_lines": [63, 64], "summary": {"covered_lines": 2, "num_statements": 4, "percent_covered": 50.0, "percent_covered_display": "50", "missing_lines": 2, "excluded_lines": 0, "percent_statements_covered": 50.0, "percent_statements_covered_display": "50"}, "missing_lines": [65, 66], "excluded_lines": [], "start_line": 62}, "leader_node": {"executed_lines": [], "summary": {"covered_lines": 0, "num_statements": 24, "percent_covered": 0.0, "percent_covered_display": "0", "missing_lines": 24, "excluded_lines": 0, "percent_statements_covered": 0.0, "percent_statements_covered_display": "0"}, "missing_lines": [133, 134, 135, 136, 137, 146, 148, 149, 150, 151, 152, 154, 155, 156, 157, 158, 159, 161, 162, 163, 164, 166, 167, 176], "excluded_lines": [], "start_line": 131}, "_normalize_rag_mode": {"executed_lines": [183], "summary": {"covered_lines": 1, "num_statements": 1, "percent_covered": 100.0, "percent_covered_display": "100", "missing_lines": 0, "excluded_lines": 0, "percent_statements_covered": 100.0, "percent_statements_covered_display": "100"}, "missing_lines": [], "excluded_lines": [], "start_line": 182}, "_format_kb_context": {"executed_lines": [187, 188, 189, 191, 199, 206], "summary": {"covered_lines": 6, "num_statements": 7, "percent_covered": 85.71428571428571, "percent_covered_display": "86", "missing_lines": 1, "excluded_lines": 0, "percent_statements_covered": 85.71428571428571, "percent_statements_covered_display": "86"}, "missing_lines": [192], "excluded_lines": [], "start_line": 186}, "build_resource_prompt": {"executed_lines": [227, 228, 229, 230, 231, 232, 233, 234, 235, 237, 238, 239, 240, 241, 242, 243, 246, 247, 248, 249, 250, 251, 252, 253, 276, 277, 278, 279, 284], "summary": {"covered_lines": 29, "num_statements": 30, "percent_covered": 96.66666666666667, "percent_covered_display": "97", "missing_lines": 1, "excluded_lines": 0, "percent_statements_covered": 96.66666666666667, "percent_statements_covered_display": "97"}, "missing_lines": [244], "excluded_lines": [], "start_line": 208}, "generate_ppt_parallel": {"executed_lines": [], "summary": {"covered_lines": 0, "num_statements": 72, "percent_covered": 0.0, "percent_covered_display": "0", "missing_lines": 72, "excluded_lines": 0, "percent_statements_covered": 0.0, "percent_statements_covered_display": "0"}, "missing_lines": [307, 308, 310, 311, 312, 313, 314, 316, 317, 319, 320, 321, 322, 323, 324, 325, 326, 327, 328, 329, 330, 331, 332, 334, 337, 338, 339, 342, 343, 345, 364, 445, 504, 585, 606, 627, 677, 678, 681, 682, 683, 684, 685, 686, 688, 694, 703, 707, 753, 770, 793, 1164, 1165, 1168, 1173, 1174, 1175, 1176, 1177, 1178, 1179, 1180, 1181, 1182, 1183, 1185, 1186, 1191, 1193, 1194, 1196, 1197], "excluded_lines": [], "start_line": 287}, "generate_ppt_parallel._strip_framework": {"executed_lines": [], "summary": {"covered_lines": 0, "num_statements": 16, "percent_covered": 0.0, "percent_covered_display": "0", "missing_lines": 16, "excluded_lines": 0, "percent_statements_covered": 0.0, "percent_statements_covered_display": "0"}, "missing_lines": [347, 348, 349, 350, 351, 352, 353, 354, 355, 356, 357, 358, 359, 360, 361, 362], "excluded_lines": [], "start_line": 345}, "generate_ppt_parallel._quick_check_ppt": {"executed_lines": [], "summary": {"covered_lines": 0, "num_statements": 58, "percent_covered": 0.0, "percent_covered_display": "0", "missing_lines": 58, "excluded_lines": 0, "percent_statements_covered": 0.0, "percent_statements_covered_display": "0"}, "missing_lines": [366, 367, 368, 369, 370, 371, 372, 374, 380, 385, 396, 397, 398, 399, 400, 401, 402, 403, 404, 405, 406, 407, 408, 409, 410, 411, 412, 413, 414, 415, 416, 417, 418, 419, 420, 421, 422, 423, 424, 425, 426, 427, 428, 429, 430, 431, 432, 433, 434, 435, 436, 437, 438, 439, 440, 441, 442, 443], "excluded_lines": [], "start_line": 364}, "generate_ppt_parallel._quick_check_ppt._content_len": {"executed_lines": [], "summary": {"covered_lines": 0, "num_statements": 3, "percent_covered": 0.0, "percent_covered_display": "0", "missing_lines": 3, "excluded_lines": 0, "percent_statements_covered": 0.0, "percent_statements_covered_display": "0"}, "missing_lines": [381, 382, 383], "excluded_lines": [], "start_line": 380}, "generate_ppt_parallel._quick_check_ppt._is_hollow_item": {"executed_lines": [], "summary": {"covered_lines": 0, "num_statements": 9, "percent_covered": 0.0, "percent_covered_display": "0", "missing_lines": 9, "excluded_lines": 0, "percent_statements_covered": 0.0, "percent_statements_covered_display": "0"}, "missing_lines": [386, 387, 388, 389, 390, 391, 392, 393, 394], "excluded_lines": [], "start_line": 385}, "generate_ppt_parallel._repair_ppt_content": {"executed_lines": [], "summary": {"covered_lines": 0, "num_statements": 24, "percent_covered": 0.0, "percent_covered_display": "0", "missing_lines": 24, "excluded_lines": 0, "percent_statements_covered": 0.0, "percent_statements_covered_display": "0"}, "missing_lines": [447, 448, 449, 451, 456, 469, 470, 471, 472, 473, 474, 475, 476, 477, 481, 487, 488, 489, 490, 495, 496, 500, 501, 502], "excluded_lines": [], "start_line": 445}, "generate_ppt_parallel._repair_ppt_content._content_len": {"executed_lines": [], "summary": {"covered_lines": 0, "num_statements": 3, "percent_covered": 0.0, "percent_covered_display": "0", "missing_lines": 3, "excluded_lines": 0, "percent_statements_covered": 0.0, "percent_statements_covered_display": "0"}, "missing_lines": [452, 453, 454], "excluded_lines": [], "start_line": 451}, "generate_ppt_parallel._repair_ppt_content._repair_line": {"executed_lines": [], "summary": {"covered_lines": 0, "num_statements": 8, "percent_covered": 0.0, "percent_covered_display": "0", "missing_lines": 8, "excluded_lines": 0, "percent_statements_covered": 0.0, "percent_statements_covered_display": "0"}, "missing_lines": [457, 458, 459, 460, 461, 462, 463, 467], "excluded_lines": [], "start_line": 456}, "generate_ppt_parallel._normalize_ppt_content": {"executed_lines": [], "summary": {"covered_lines": 0, "num_statements": 24, "percent_covered": 0.0, "percent_covered_display": "0", "missing_lines": 24, "excluded_lines": 0, "percent_statements_covered": 0.0, "percent_statements_covered_display": "0"}, "missing_lines": [506, 507, 508, 509, 510, 512, 515, 518, 558, 559, 560, 561, 567, 572, 573, 574, 575, 576, 578, 579, 580, 581, 582, 583], "excluded_lines": [], "start_line": 504}, "generate_ppt_parallel._normalize_ppt_content._as_list": {"executed_lines": [], "summary": {"covered_lines": 0, "num_statements": 1, "percent_covered": 0.0, "percent_covered_display": "0", "missing_lines": 1, "excluded_lines": 0, "percent_statements_covered": 0.0, "percent_statements_covered_display": "0"}, "missing_lines": [513], "excluded_lines": [], "start_line": 512}, "generate_ppt_parallel._normalize_ppt_content._text": {"executed_lines": [], "summary": {"covered_lines": 0, "num_statements": 1, "percent_covered": 0.0, "percent_covered_display": "0", "missing_lines": 1, "excluded_lines": 0, "percent_statements_covered": 0.0, "percent_statements_covered_display": "0"}, "missing_lines": [516], "excluded_lines": [], "start_line": 515}, "generate_ppt_parallel._normalize_ppt_content._coerce_slide": {"executed_lines": [], "summary": {"covered_lines": 0, "num_statements": 13, "percent_covered": 0.0, "percent_covered_display": "0", "missing_lines": 13, "excluded_lines": 0, "percent_statements_covered": 0.0, "percent_statements_covered_display": "0"}, "missing_lines": [519, 520, 527, 528, 529, 530, 532, 533, 534, 536, 537, 545, 547], "excluded_lines": [], "start_line": 518}, "generate_ppt_parallel._limit_section_pages": {"executed_lines": [], "summary": {"covered_lines": 0, "num_statements": 5, "percent_covered": 0.0, "percent_covered_display": "0", "missing_lines": 5, "excluded_lines": 0, "percent_statements_covered": 0.0, "percent_statements_covered_display": "0"}, "missing_lines": [591, 596, 597, 598, 604], "excluded_lines": [], "start_line": 585}, "generate_ppt_parallel._fallback_ppt_section": {"executed_lines": [], "summary": {"covered_lines": 0, "num_statements": 2, "percent_covered": 0.0, "percent_covered_display": "0", "missing_lines": 2, "excluded_lines": 0, "percent_statements_covered": 0.0, "percent_statements_covered_display": "0"}, "missing_lines": [607, 608], "excluded_lines": [], "start_line": 606}, "generate_ppt_parallel._trim_section_context": {"executed_lines": [], "summary": {"covered_lines": 0, "num_statements": 10, "percent_covered": 0.0, "percent_covered_display": "0", "missing_lines": 10, "excluded_lines": 0, "percent_statements_covered": 0.0, "percent_statements_covered_display": "0"}, "missing_lines": [643, 644, 647, 654, 662, 663, 664, 665, 667, 669], "excluded_lines": [], "start_line": 627}, "generate_ppt_parallel._mark_first_pass_done": {"executed_lines": [], "summary": {"covered_lines": 0, "num_statements": 4, "percent_covered": 0.0, "percent_covered_display": "0", "missing_lines": 4, "excluded_lines": 0, "percent_statements_covered": 0.0, "percent_statements_covered_display": "0"}, "missing_lines": [689, 690, 691, 692], "excluded_lines": [], "start_line": 688}, "generate_ppt_parallel._slide_stream_meta": {"executed_lines": [], "summary": {"covered_lines": 0, "num_statements": 1, "percent_covered": 0.0, "percent_covered_display": "0", "missing_lines": 1, "excluded_lines": 0, "percent_statements_covered": 0.0, "percent_statements_covered_display": "0"}, "missing_lines": [695], "excluded_lines": [], "start_line": 694}, "generate_ppt_parallel._iter_text_chunks": {"executed_lines": [], "summary": {"covered_lines": 0, "num_statements": 2, "percent_covered": 0.0, "percent_covered_display": "0", "missing_lines": 2, "excluded_lines": 0, "percent_statements_covered": 0.0, "percent_statements_covered_display": "0"}, "missing_lines": [704, 705], "excluded_lines": [], "start_line": 703}, "generate_ppt_parallel._push_section": {"executed_lines": [], "summary": {"covered_lines": 0, "num_statements": 21, "percent_covered": 0.0, "percent_covered_display": "0", "missing_lines": 21, "excluded_lines": 0, "percent_statements_covered": 0.0, "percent_statements_covered_display": "0"}, "missing_lines": [709, 710, 711, 712, 713, 714, 715, 716, 717, 718, 719, 723, 724, 725, 731, 732, 737, 742, 743, 750, 751], "excluded_lines": [], "start_line": 707}, "generate_ppt_parallel._push_section_complete": {"executed_lines": [], "summary": {"covered_lines": 0, "num_statements": 6, "percent_covered": 0.0, "percent_covered_display": "0", "missing_lines": 6, "excluded_lines": 0, "percent_statements_covered": 0.0, "percent_statements_covered_display": "0"}, "missing_lines": [755, 756, 757, 758, 767, 768], "excluded_lines": [], "start_line": 753}, "generate_ppt_parallel._review_ppt_section": {"executed_lines": [], "summary": {"covered_lines": 0, "num_statements": 10, "percent_covered": 0.0, "percent_covered_display": "0", "missing_lines": 10, "excluded_lines": 0, "percent_statements_covered": 0.0, "percent_statements_covered_display": "0"}, "missing_lines": [777, 779, 780, 781, 786, 787, 788, 789, 790, 791], "excluded_lines": [], "start_line": 770}, "generate_ppt_parallel._gen_section": {"executed_lines": [], "summary": {"covered_lines": 0, "num_statements": 156, "percent_covered": 0.0, "percent_covered_display": "0", "missing_lines": 156, "excluded_lines": 0, "percent_statements_covered": 0.0, "percent_statements_covered_display": "0"}, "missing_lines": [795, 796, 807, 808, 809, 814, 815, 817, 820, 824, 825, 826, 827, 828, 829, 833, 834, 836, 845, 846, 847, 848, 849, 850, 851, 852, 853, 872, 874, 875, 876, 882, 883, 890, 891, 892, 893, 894, 895, 896, 898, 912, 913, 914, 916, 917, 918, 929, 934, 935, 938, 939, 947, 948, 949, 950, 951, 952, 953, 954, 958, 959, 960, 961, 962, 963, 964, 965, 966, 967, 968, 969, 970, 971, 972, 983, 984, 985, 987, 988, 989, 990, 991, 992, 1003, 1004, 1005, 1007, 1009, 1010, 1011, 1012, 1013, 1014, 1015, 1027, 1030, 1031, 1032, 1033, 1034, 1036, 1038, 1039, 1040, 1041, 1042, 1043, 1044, 1045, 1046, 1049, 1050, 1051, 1052, 1053, 1054, 1065, 1066, 1068, 1069, 1070, 1072, 1073, 1084, 1090, 1091, 1102, 1103, 1104, 1105, 1106, 1107, 1108, 1109, 1111, 1112, 1113, 1125, 1127, 1129, 1131, 1132, 1133, 1136, 1138, 1140, 1141, 1142, 1143, 1144, 1145, 1147, 1148, 1149, 1151], "excluded_lines": [], "start_line": 793}, "generate_ppt_parallel._gen_section._push_section_replace": {"executed_lines": [], "summary": {"covered_lines": 0, "num_statements": 6, "percent_covered": 0.0, "percent_covered_display": "0", "missing_lines": 6, "excluded_lines": 0, "percent_statements_covered": 0.0, "percent_statements_covered_display": "0"}, "missing_lines": [900, 901, 902, 908, 909, 910], "excluded_lines": [], "start_line": 898}, "_fallback_document_outline": {"executed_lines": [1209, 1210, 1211, 1212, 1213, 1214, 1221, 1222, 1223, 1224, 1225, 1226, 1227, 1228, 1230], "summary": {"covered_lines": 15, "num_statements": 16, "percent_covered": 93.75, "percent_covered_display": "94", "missing_lines": 1, "excluded_lines": 0, "percent_statements_covered": 93.75, "percent_statements_covered_display": "94"}, "missing_lines": [1229], "excluded_lines": [], "start_line": 1204}, "_fallback_document_section": {"executed_lines": [1241, 1242], "summary": {"covered_lines": 2, "num_statements": 2, "percent_covered": 100.0, "percent_covered_display": "100", "missing_lines": 0, "excluded_lines": 0, "percent_statements_covered": 100.0, "percent_statements_covered_display": "100"}, "missing_lines": [], "excluded_lines": [], "start_line": 1233}, "_normalize_document_outline": {"executed_lines": [1264, 1265, 1266, 1267, 1273, 1274, 1275, 1276, 1277, 1278, 1279, 1280, 1283], "summary": {"covered_lines": 13, "num_statements": 15, "percent_covered": 86.66666666666667, "percent_covered_display": "87", "missing_lines": 2, "excluded_lines": 0, "percent_statements_covered": 86.66666666666667, "percent_statements_covered_display": "87"}, "missing_lines": [1281, 1282], "excluded_lines": [], "start_line": 1258}, "_strip_outer_markdown_fence": {"executed_lines": [1288, 1289, 1294], "summary": {"covered_lines": 3, "num_statements": 3, "percent_covered": 100.0, "percent_covered_display": "100", "missing_lines": 0, "excluded_lines": 0, "percent_statements_covered": 100.0, "percent_statements_covered_display": "100"}, "missing_lines": [], "excluded_lines": [], "start_line": 1286}, "_promote_section_heading": {"executed_lines": [1305, 1306], "summary": {"covered_lines": 2, "num_statements": 2, "percent_covered": 100.0, "percent_covered_display": "100", "missing_lines": 0, "excluded_lines": 0, "percent_statements_covered": 100.0, "percent_statements_covered_display": "100"}, "missing_lines": [], "excluded_lines": [], "start_line": 1297}, "_document_repair_targets": {"executed_lines": [1316, 1317, 1318, 1319, 1320, 1321, 1322], "summary": {"covered_lines": 7, "num_statements": 7, "percent_covered": 100.0, "percent_covered_display": "100", "missing_lines": 0, "excluded_lines": 0, "percent_statements_covered": 100.0, "percent_statements_covered_display": "100"}, "missing_lines": [], "excluded_lines": [], "start_line": 1309}, "generate_doc_outline": {"executed_lines": [1338, 1343, 1354, 1355, 1356, 1357, 1363, 1364], "summary": {"covered_lines": 8, "num_statements": 11, "percent_covered": 72.72727272727273, "percent_covered_display": "73", "missing_lines": 3, "excluded_lines": 0, "percent_statements_covered": 72.72727272727273, "percent_statements_covered_display": "73"}, "missing_lines": [1365, 1366, 1367], "excluded_lines": [], "start_line": 1325}, "generate_document_parallel": {"executed_lines": [1388, 1389, 1390, 1391, 1392, 1396, 1416, 1417, 1418, 1419, 1421, 1422, 1425, 1433, 1435, 1450, 1630, 1636, 1637, 1638, 1640, 1641, 1645, 1646, 1647, 1648, 1649, 1650, 1656, 1665, 1668, 1669, 1673, 1674, 1675, 1676, 1678, 1679, 1688, 1689, 1690, 1703, 1704, 1705, 1706, 1710, 1713, 1714, 1718, 1719, 1723, 1725, 1726, 1730, 1731, 1732, 1733, 1734, 1737, 1738, 1739, 1746, 1751, 1752, 1755, 1756, 1757, 1758, 1759, 1760, 1762, 1763, 1766, 1779, 1780, 1781, 1785], "summary": {"covered_lines": 77, "num_statements": 88, "percent_covered": 87.5, "percent_covered_display": "88", "missing_lines": 11, "excluded_lines": 0, "percent_statements_covered": 87.5, "percent_statements_covered_display": "88"}, "missing_lines": [1393, 1394, 1397, 1398, 1399, 1400, 1401, 1402, 1403, 1782, 1783], "excluded_lines": [], "start_line": 1370}, "generate_document_parallel._record_style": {"executed_lines": [1442, 1443, 1444, 1445], "summary": {"covered_lines": 4, "num_statements": 4, "percent_covered": 100.0, "percent_covered_display": "100", "missing_lines": 0, "excluded_lines": 0, "percent_statements_covered": 100.0, "percent_statements_covered_display": "100"}, "missing_lines": [], "excluded_lines": [], "start_line": 1435}, "generate_document_parallel.gen_section": {"executed_lines": [1456, 1457, 1468, 1469, 1470, 1484, 1485, 1486, 1487, 1488, 1489, 1490, 1491, 1498, 1499, 1500, 1501, 1502, 1503, 1522, 1525, 1532, 1535, 1536, 1537, 1538, 1539, 1542, 1543, 1546, 1547, 1555, 1556, 1558, 1559, 1560, 1572, 1576, 1578, 1582, 1583, 1584, 1597, 1601, 1606, 1607, 1608, 1610, 1622, 1627, 1628], "summary": {"covered_lines": 51, "num_statements": 61, "percent_covered": 83.60655737704919, "percent_covered_display": "84", "missing_lines": 10, "excluded_lines": 0, "percent_statements_covered": 83.60655737704919, "percent_statements_covered_display": "84"}, "missing_lines": [1481, 1482, 1492, 1496, 1497, 1540, 1588, 1589, 1590, 1591], "excluded_lines": [], "start_line": 1450}, "generate_document_parallel._compose": {"executed_lines": [1631, 1634], "summary": {"covered_lines": 2, "num_statements": 2, "percent_covered": 100.0, "percent_covered_display": "100", "missing_lines": 0, "excluded_lines": 0, "percent_statements_covered": 100.0, "percent_statements_covered_display": "100"}, "missing_lines": [], "excluded_lines": [], "start_line": 1630}, "executor_node": {"executed_lines": [1790, 1791, 1792, 1793, 1794, 1795, 1796, 1797, 1798, 1799, 1800, 1802, 1803, 1814, 1815, 1816, 1817, 1820, 1821, 1822, 1823, 1824, 1827, 1842, 1843, 1844, 1845, 1847, 1881, 1884, 1886, 1900, 1919, 1937, 1971, 1998, 1999, 2000, 2001, 2003, 2019, 2029, 2030, 2034, 2035, 2036, 2037, 2039, 2040, 2045, 2047, 2048, 2058, 2059, 2062, 2063, 2065, 2071, 2074, 2087, 2088, 2089, 2090, 2092], "summary": {"covered_lines": 64, "num_statements": 90, "percent_covered": 71.11111111111111, "percent_covered_display": "71", "missing_lines": 26, "excluded_lines": 0, "percent_statements_covered": 71.11111111111111, "percent_statements_covered_display": "71"}, "missing_lines": [2020, 2021, 2025, 2041, 2042, 2043, 2044, 2060, 2066, 2067, 2068, 2069, 2070, 2072, 2073, 2075, 2076, 2077, 2078, 2079, 2080, 2081, 2082, 2084, 2085, 2086], "excluded_lines": [], "start_line": 1788}, "executor_node.gen_one_sync": {"executed_lines": [], "summary": {"covered_lines": 0, "num_statements": 29, "percent_covered": 0.0, "percent_covered_display": "0", "missing_lines": 29, "excluded_lines": 0, "percent_statements_covered": 0.0, "percent_statements_covered_display": "0"}, "missing_lines": [1848, 1849, 1850, 1851, 1852, 1853, 1854, 1855, 1856, 1857, 1858, 1859, 1860, 1861, 1862, 1863, 1864, 1865, 1866, 1869, 1870, 1871, 1872, 1873, 1874, 1876, 1877, 1878, 1879], "excluded_lines": [], "start_line": 1847}, "executor_node._emit_resource_complete": {"executed_lines": [1887, 1888], "summary": {"covered_lines": 2, "num_statements": 6, "percent_covered": 33.333333333333336, "percent_covered_display": "33", "missing_lines": 4, "excluded_lines": 0, "percent_statements_covered": 33.333333333333336, "percent_statements_covered_display": "33"}, "missing_lines": [1889, 1890, 1897, 1898], "excluded_lines": [], "start_line": 1886}, "executor_node._run_ppt": {"executed_lines": [1901, 1903, 1916, 1917], "summary": {"covered_lines": 4, "num_statements": 5, "percent_covered": 80.0, "percent_covered_display": "80", "missing_lines": 1, "excluded_lines": 0, "percent_statements_covered": 80.0, "percent_statements_covered_display": "80"}, "missing_lines": [1902], "excluded_lines": [], "start_line": 1900}, "executor_node._run_doc": {"executed_lines": [1920, 1922, 1934, 1935], "summary": {"covered_lines": 4, "num_statements": 5, "percent_covered": 80.0, "percent_covered_display": "80", "missing_lines": 1, "excluded_lines": 0, "percent_statements_covered": 80.0, "percent_statements_covered_display": "80"}, "missing_lines": [1921], "excluded_lines": [], "start_line": 1919}, "executor_node._run_image": {"executed_lines": [1938, 1939], "summary": {"covered_lines": 2, "num_statements": 24, "percent_covered": 8.333333333333334, "percent_covered_display": "8", "missing_lines": 22, "excluded_lines": 0, "percent_statements_covered": 8.333333333333334, "percent_statements_covered_display": "8"}, "missing_lines": [1940, 1941, 1949, 1950, 1951, 1952, 1953, 1954, 1955, 1957, 1958, 1959, 1960, 1961, 1962, 1963, 1964, 1965, 1966, 1967, 1968, 1969], "excluded_lines": [], "start_line": 1937}, "executor_node._run_video": {"executed_lines": [1972, 1973], "summary": {"covered_lines": 2, "num_statements": 18, "percent_covered": 11.11111111111111, "percent_covered_display": "11", "missing_lines": 16, "excluded_lines": 0, "percent_statements_covered": 11.11111111111111, "percent_statements_covered_display": "11"}, "missing_lines": [1974, 1975, 1976, 1978, 1985, 1986, 1987, 1988, 1989, 1990, 1991, 1992, 1993, 1994, 1995, 1996], "excluded_lines": [], "start_line": 1971}, "executor_node._survive": {"executed_lines": [2005, 2006, 2007, 2008, 2017], "summary": {"covered_lines": 5, "num_statements": 5, "percent_covered": 100.0, "percent_covered_display": "100", "missing_lines": 0, "excluded_lines": 0, "percent_statements_covered": 100.0, "percent_statements_covered_display": "100"}, "missing_lines": [], "excluded_lines": [], "start_line": 2003}, "_generate_image_sync": {"executed_lines": [], "summary": {"covered_lines": 0, "num_statements": 18, "percent_covered": 0.0, "percent_covered_display": "0", "missing_lines": 18, "excluded_lines": 0, "percent_statements_covered": 0.0, "percent_statements_covered_display": "0"}, "missing_lines": [2102, 2103, 2104, 2105, 2106, 2107, 2109, 2110, 2111, 2112, 2113, 2114, 2118, 2119, 2120, 2121, 2122, 2124], "excluded_lines": [], "start_line": 2100}, "_parse_review_response": {"executed_lines": [], "summary": {"covered_lines": 0, "num_statements": 9, "percent_covered": 0.0, "percent_covered_display": "0", "missing_lines": 9, "excluded_lines": 0, "percent_statements_covered": 0.0, "percent_statements_covered_display": "0"}, "missing_lines": [2130, 2131, 2132, 2133, 2135, 2136, 2143, 2149, 2150], "excluded_lines": [], "start_line": 2127}, "reviewer_node": {"executed_lines": [], "summary": {"covered_lines": 0, "num_statements": 25, "percent_covered": 0.0, "percent_covered_display": "0", "missing_lines": 25, "excluded_lines": 0, "percent_statements_covered": 0.0, "percent_statements_covered_display": "0"}, "missing_lines": [2167, 2168, 2169, 2170, 2171, 2173, 2219, 2220, 2221, 2222, 2224, 222
[...]
d_display": "0", "missing_lines": 18, "excluded_lines": 0, "percent_statements_covered": 0.0, "percent_statements_covered_display": "0"}, "missing_lines": [63, 64, 66, 67, 68, 69, 70, 71, 72, 74, 75, 76, 77, 78, 79, 80, 81, 82], "excluded_lines": [], "start_line": 62}, "_execute_scheduled_agents": {"executed_lines": [], "summary": {"covered_lines": 0, "num_statements": 44, "percent_covered": 0.0, "percent_covered_display": "0", "missing_lines": 44, "excluded_lines": 0, "percent_statements_covered": 0.0, "percent_statements_covered_display": "0"}, "missing_lines": [92, 93, 94, 95, 100, 101, 102, 104, 105, 106, 108, 109, 110, 111, 112, 114, 115, 116, 117, 119, 120, 123, 124, 125, 126, 127, 129, 133, 134, 136, 137, 138, 139, 140, 141, 142, 143, 146, 147, 148, 154, 155, 157, 158], "excluded_lines": [], "start_line": 90}, "get_scheduler": {"executed_lines": [], "summary": {"covered_lines": 0, "num_statements": 3, "percent_covered": 0.0, "percent_covered_display": "0", "missing_lines": 3, "excluded_lines": 0, "percent_statements_covered": 0.0, "percent_statements_covered_display": "0"}, "missing_lines": [164, 165, 169], "excluded_lines": [], "start_line": 161}, "start": {"executed_lines": [], "summary": {"covered_lines": 0, "num_statements": 7, "percent_covered": 0.0, "percent_covered_display": "0", "missing_lines": 7, "excluded_lines": 0, "percent_statements_covered": 0.0, "percent_statements_covered_display": "0"}, "missing_lines": [173, 175, 180, 191, 203, 212, 213], "excluded_lines": [], "start_line": 172}, "stop": {"executed_lines": [], "summary": {"covered_lines": 0, "num_statements": 3, "percent_covered": 0.0, "percent_covered_display": "0", "missing_lines": 3, "excluded_lines": 0, "percent_statements_covered": 0.0, "percent_statements_covered_display": "0"}, "missing_lines": [218, 219, 220], "excluded_lines": [], "start_line": 216}, "": {"executed_lines": [], "summary": {"covered_lines": 0, "num_statements": 16, "percent_covered": 0.0, "percent_covered_display": "0", "missing_lines": 16, "excluded_lines": 0, "percent_statements_covered": 0.0, "percent_statements_covered_display": "0"}, "missing_lines": [4, 5, 6, 7, 8, 10, 11, 13, 15, 16, 19, 54, 90, 161, 172, 216], "excluded_lines": [], "start_line": 1}}, "classes": {"": {"executed_lines": [], "summary": {"covered_lines": 0, "num_statements": 126, "percent_covered": 0.0, "percent_covered_display": "0", "missing_lines": 126, "excluded_lines": 0, "percent_statements_covered": 0.0, "percent_statements_covered_display": "0"}, "missing_lines": [4, 5, 6, 7, 8, 10, 11, 13, 15, 16, 19, 21, 22, 28, 29, 30, 31, 32, 33, 34, 35, 36, 37, 38, 39, 40, 41, 42, 43, 44, 45, 46, 47, 48, 49, 50, 51, 54, 57, 58, 59, 60, 62, 63, 64, 66, 67, 68, 69, 70, 71, 72, 74, 75, 76, 77, 78, 79, 80, 81, 82, 84, 85, 86, 87, 90, 92, 93, 94, 95, 100, 101, 102, 104, 105, 106, 108, 109, 110, 111, 112, 114, 115, 116, 117, 119, 120, 123, 124, 125, 126, 127, 129, 133, 134, 136, 137, 138, 139, 140, 141, 142, 143, 146, 147, 148, 154, 155, 157, 158, 161, 164, 165, 169, 172, 173, 175, 180, 191, 203, 212, 213, 216, 218, 219, 220], "excluded_lines": [], "start_line": 1}}}, "src\\utils\\slide_schema.py": {"executed_lines": [8, 10, 11, 12, 13, 14, 15, 18, 32, 78, 81, 82, 83, 88, 89, 95, 106, 107, 110, 128, 136, 162, 166, 179, 183, 189, 200, 209, 217, 224, 308, 313, 380], "summary": {"covered_lines": 33, "num_statements": 228, "percent_covered": 14.473684210526315, "percent_covered_display": "14", "missing_lines": 195, "excluded_lines": 0, "percent_statements_covered": 14.473684210526315, "percent_statements_covered_display": "14"}, "missing_lines": [84, 85, 96, 97, 98, 99, 100, 101, 102, 103, 111, 112, 113, 114, 115, 117, 118, 119, 120, 121, 122, 124, 125, 137, 138, 139, 141, 142, 143, 144, 145, 146, 147, 148, 150, 151, 152, 153, 154, 156, 157, 159, 163, 167, 172, 173, 174, 175, 176, 180, 184, 185, 186, 190, 191, 192, 193, 194, 195, 196, 197, 201, 202, 203, 204, 205, 206, 210, 211, 212, 213, 214, 218, 219, 220, 221, 225, 226, 227, 228, 229, 230, 231, 232, 233, 234, 236, 237, 238, 239, 240, 241, 243, 244, 245, 247, 248, 249, 251, 252, 259, 264, 270, 271, 272, 273, 274, 275, 276, 277, 278, 279, 280, 281, 282, 284, 285, 286, 288, 290, 309, 310, 314, 315, 316, 318, 319, 320, 321, 322, 323, 324, 325, 327, 328, 329, 330, 331, 332, 333, 334, 336, 337, 338, 339, 340, 341, 342, 343, 344, 345, 346, 347, 348, 349, 350, 351, 352, 353, 354, 355, 356, 357, 358, 359, 361, 363, 364, 365, 367, 368, 377, 381, 382, 383, 384, 388, 389, 390, 391, 393, 394, 395, 396, 398, 399, 400, 401, 402, 404, 405, 406, 407, 408, 409], "excluded_lines": [], "functions": {"_int_env": {"executed_lines": [82, 83], "summary": {"covered_lines": 2, "num_statements": 4, "percent_covered": 50.0, "percent_covered_display": "50", "missing_lines": 2, "excluded_lines": 0, "percent_statements_covered": 50.0, "percent_statements_covered_display": "50"}, "missing_lines": [84, 85], "excluded_lines": [], "start_line": 81}, "_clean_text": {"executed_lines": [], "summary": {"covered_lines": 0, "num_statements": 8, "percent_covered": 0.0, "percent_covered_display": "0", "missing_lines": 8, "excluded_lines": 0, "percent_statements_covered": 0.0, "percent_statements_covered_display": "0"}, "missing_lines": [96, 97, 98, 99, 100, 101, 102, 103], "excluded_lines": [], "start_line": 95}, "limit_speaker_notes": {"executed_lines": [], "summary": {"covered_lines": 0, "num_statements": 13, "percent_covered": 0.0, "percent_covered_display": "0", "missing_lines": 13, "excluded_lines": 0, "percent_statements_covered": 0.0, "percent_statements_covered_display": "0"}, "missing_lines": [111, 112, 113, 114, 115, 117, 118, 119, 120, 121, 122, 124, 125], "excluded_lines": [], "start_line": 110}, "_split_speaker_notes": {"executed_lines": [], "summary": {"covered_lines": 0, "num_statements": 19, "percent_covered": 0.0, "percent_covered_display": "0", "missing_lines": 19, "excluded_lines": 0, "percent_statements_covered": 0.0, "percent_statements_covered_display": "0"}, "missing_lines": [137, 138, 139, 141, 142, 143, 144, 145, 146, 147, 148, 150, 151, 152, 153, 154, 156, 157, 159], "excluded_lines": [], "start_line": 136}, "_merge_notes": {"executed_lines": [], "summary": {"covered_lines": 0, "num_statements": 1, "percent_covered": 0.0, "percent_covered_display": "0", "missing_lines": 1, "excluded_lines": 0, "percent_statements_covered": 0.0, "percent_statements_covered_display": "0"}, "missing_lines": [163], "excluded_lines": [], "start_line": 162}, "_line_value": {"executed_lines": [], "summary": {"covered_lines": 0, "num_statements": 6, "percent_covered": 0.0, "percent_covered_display": "0", "missing_lines": 6, "excluded_lines": 0, "percent_statements_covered": 0.0, "percent_statements_covered_display": "0"}, "missing_lines": [167, 172, 173, 174, 175, 176], "excluded_lines": [], "start_line": 166}, "_looks_like_formula": {"executed_lines": [], "summary": {"covered_lines": 0, "num_statements": 1, "percent_covered": 0.0, "percent_covered_display": "0", "missing_lines": 1, "excluded_lines": 0, "percent_statements_covered": 0.0, "percent_statements_covered_display": "0"}, "missing_lines": [180], "excluded_lines": [], "start_line": 179}, "_looks_like_vocabulary": {"executed_lines": [], "summary": {"covered_lines": 0, "num_statements": 3, "percent_covered": 0.0, "percent_covered_display": "0", "missing_lines": 3, "excluded_lines": 0, "percent_statements_covered": 0.0, "percent_statements_covered_display": "0"}, "missing_lines": [184, 185, 186], "excluded_lines": [], "start_line": 183}, "_choose_layout": {"executed_lines": [], "summary": {"covered_lines": 0, "num_statements": 8, "percent_covered": 0.0, "percent_covered_display": "0", "missing_lines": 8, "excluded_lines": 0, "percent_statements_covered": 0.0, "percent_statements_covered_display": "0"}, "missing_lines": [190, 191, 192, 193, 194, 195, 196, 197], "excluded_lines": [], "start_line": 189}, "_choose_theme": {"executed_lines": [], "summary": {"covered_lines": 0, "num_statements": 6, "percent_covered": 0.0, "percent_covered_display": "0", "missing_lines": 6, "excluded_lines": 0, "percent_statements_covered": 0.0, "percent_statements_covered_display": "0"}, "missing_lines": [201, 202, 203, 204, 205, 206], "excluded_lines": [], "start_line": 200}, "_visual_type": {"executed_lines": [], "summary": {"covered_lines": 0, "num_statements": 5, "percent_covered": 0.0, "percent_covered_display": "0", "missing_lines": 5, "excluded_lines": 0, "percent_statements_covered": 0.0, "percent_statements_covered_display": "0"}, "missing_lines": [210, 211, 212, 213, 214], "excluded_lines": [], "start_line": 209}, "_blocks_from_bullets": {"executed_lines": [], "summary": {"covered_lines": 0, "num_statements": 4, "percent_covered": 0.0, "percent_covered_display": "0", "missing_lines": 4, "excluded_lines": 0, "percent_statements_covered": 0.0, "percent_statements_covered_display": "0"}, "missing_lines": [218, 219, 220, 221], "excluded_lines": [], "start_line": 217}, "normalize_slide": {"executed_lines": [], "summary": {"covered_lines": 0, "num_statements": 44, "percent_covered": 0.0, "percent_covered_display": "0", "missing_lines": 44, "excluded_lines": 0, "percent_statements_covered": 0.0, "percent_statements_covered_display": "0"}, "missing_lines": [225, 226, 227, 228, 229, 230, 231, 232, 233, 234, 236, 237, 238, 239, 240, 241, 243, 244, 245, 247, 248, 249, 251, 252, 259, 264, 270, 271, 272, 273, 274, 275, 276, 277, 278, 279, 280, 281, 282, 284, 285, 286, 288, 290], "excluded_lines": [], "start_line": 224}, "normalize_slides": {"executed_lines": [], "summary": {"covered_lines": 0, "num_statements": 2, "percent_covered": 0.0, "percent_covered_display": "0", "missing_lines": 2, "excluded_lines": 0, "percent_statements_covered": 0.0, "percent_statements_covered_display": "0"}, "missing_lines": [309, 310], "excluded_lines": [], "start_line": 308}, "parse_markdown_slides": {"executed_lines": [], "summary": {"covered_lines": 0, "num_statements": 50, "percent_covered": 0.0, "percent_covered_display": "0", "missing_lines": 50, "excluded_lines": 0, "percent_statements_covered": 0.0, "percent_statements_covered_display": "0"}, "missing_lines": [314, 315, 316, 318, 319, 320, 321, 322, 323, 324, 325, 327, 328, 329, 330, 331, 332, 333, 334, 336, 337, 338, 339, 340, 341, 342, 343, 344, 345, 346, 347, 348, 349, 350, 351, 352, 353, 354, 355, 356, 357, 358, 359, 361, 363, 364, 365, 367, 368, 377], "excluded_lines": [], "start_line": 313}, "slides_to_markdown": {"executed_lines": [], "summary": {"covered_lines": 0, "num_statements": 23, "percent_covered": 0.0, "percent_covered_display": "0", "missing_lines": 23, "excluded_lines": 0, "percent_statements_covered": 0.0, "percent_statements_covered_display": "0"}, "missing_lines": [381, 382, 383, 384, 388, 389, 390, 391, 393, 394, 395, 396, 398, 399, 400, 401, 402, 404, 405, 406, 407, 408, 409], "excluded_lines": [], "start_line": 380}, "": {"executed_lines": [8, 10, 11, 12, 13, 14, 15, 18, 32, 78, 81, 88, 89, 95, 106, 107, 110, 128, 136, 162, 166, 179, 183, 189, 200, 209, 217, 224, 308, 313, 380], "summary": {"covered_lines": 31, "num_statements": 31, "percent_covered": 100.0, "percent_covered_display": "100", "missing_lines": 0, "excluded_lines": 0, "percent_statements_covered": 100.0, "percent_statements_covered_display": "100"}, "missing_lines": [], "excluded_lines": [], "start_line": 1}}, "classes": {"": {"executed_lines": [8, 10, 11, 12, 13, 14, 15, 18, 32, 78, 81, 82, 83, 88, 89, 95, 106, 107, 110, 128, 136, 162, 166, 179, 183, 189, 200, 209, 217, 224, 308, 313, 380], "summary": {"covered_lines": 33, "num_statements": 228, "percent_covered": 14.473684210526315, "percent_covered_display": "14", "missing_lines": 195, "excluded_lines": 0, "percent_statements_covered": 14.473684210526315, "percent_statements_covered_display": "14"}, "missing_lines": [84, 85, 96, 97, 98, 99, 100, 101, 102, 103, 111, 112, 113, 114, 115, 117, 118, 119, 120, 121, 122, 124, 125, 137, 138, 139, 141, 142, 143, 144, 145, 146, 147, 148, 150, 151, 152, 153, 154, 156, 157, 159, 163, 167, 172, 173, 174, 175, 176, 180, 184, 185, 186, 190, 191, 192, 193, 194, 195, 196, 197, 201, 202, 203, 204, 205, 206, 210, 211, 212, 213, 214, 218, 219, 220, 221, 225, 226, 227, 228, 229, 230, 231, 232, 233, 234, 236, 237, 238, 239, 240, 241, 243, 244, 245, 247, 248, 249, 251, 252, 259, 264, 270, 271, 272, 273, 274, 275, 276, 277, 278, 279, 280, 281, 282, 284, 285, 286, 288, 290, 309, 310, 314, 315, 316, 318, 319, 320, 321, 322, 323, 324, 325, 327, 328, 329, 330, 331, 332, 333, 334, 336, 337, 338, 339, 340, 341, 342, 343, 344, 345, 346, 347, 348, 349, 350, 351, 352, 353, 354, 355, 356, 357, 358, 359, 361, 363, 364, 365, 367, 368, 377, 381, 382, 383, 384, 388, 389, 390, 391, 393, 394, 395, 396, 398, 399, 400, 401, 402, 404, 405, 406, 407, 408, 409], "excluded_lines": [], "start_line": 1}}}, "src\\utils\\tts_utils.py": {"executed_lines": [3, 4, 5, 6, 7, 9, 12, 29, 32, 61, 115, 139, 202, 209, 215, 225], "summary": {"covered_lines": 16, "num_statements": 174, "percent_covered": 9.195402298850574, "percent_covered_display": "9", "missing_lines": 158, "excluded_lines": 0, "percent_statements_covered": 9.195402298850574, "percent_statements_covered_display": "9"}, "missing_lines": [34, 35, 36, 37, 38, 39, 40, 41, 42, 44, 46, 48, 49, 51, 52, 53, 54, 55, 56, 57, 58, 63, 64, 66, 67, 69, 70, 71, 72, 74, 75, 76, 77, 79, 80, 81, 82, 84, 85, 86, 87, 88, 89, 90, 91, 92, 93, 95, 97, 98, 99, 101, 102, 103, 104, 105, 106, 107, 109, 110, 112, 117, 119, 120, 121, 124, 125, 126, 127, 128, 129, 130, 136, 147, 148, 149, 151, 154, 155, 156, 158, 159, 160, 161, 162, 163, 164, 165, 166, 167, 175, 176, 177, 178, 179, 180, 181, 183, 184, 185, 186, 187, 188, 189, 190, 196, 197, 199, 204, 205, 206, 211, 212, 222, 227, 230, 231, 232, 233, 234, 235, 236, 237, 238, 239, 240, 241, 242, 244, 246, 247, 249, 250, 251, 253, 254, 256, 257, 258, 259, 260, 261, 264, 265, 266, 268, 269, 270, 271, 272, 273, 279, 281, 282, 284, 285, 286, 287], "excluded_lines": [], "functions": {"clean_for_tts": {"executed_lines": [], "summary": {"covered_lines": 0, "num_statements": 21, "percent_covered": 0.0, "percent_covered_display": "0", "missing_lines": 21, "excluded_lines": 0, "percent_statements_covered": 0.0, "percent_statements_covered_display": "0"}, "missing_lines": [34, 35, 36, 37, 38, 39, 40, 41, 42, 44, 46, 48, 49, 51, 52, 53, 54, 55, 56, 57, 58], "excluded_lines": [], "start_line": 32}, "parse_slides_plain": {"executed_lines": [], "summary": {"covered_lines": 0, "num_statements": 39, "percent_covered": 0.0, "percent_covered_display": "0", "missing_lines": 39, "excluded_lines": 0, "percent_statements_covered": 0.0, "percent_statements_covered_display": "0"}, "missing_lines": [63, 64, 66, 69, 70, 71, 72, 74, 75, 76, 77, 79, 80, 81, 82, 84, 85, 86, 87, 88, 89, 90, 91, 92, 93, 95, 97, 98, 99, 101, 102, 103, 104, 105, 106, 107, 109, 110, 112], "excluded_lines": [], "start_line": 61}, "parse_slides_plain._strip_comments": {"executed_lines": [], "summary": {"covered_lines": 0, "num_statements": 1, "percent_covered": 0.0, "percent_covered_display": "0", "missing_lines": 1, "excluded_lines": 0, "percent_statements_covered": 0.0, "percent_statements_covered_display": "0"}, "missing_lines": [67], "excluded_lines": [], "start_line": 66}, "parse_slides": {"executed_lines": [], "summary": {"covered_lines": 0, "num_statements": 12, "percent_covered": 0.0, "percent_covered_display": "0", "missing_lines": 12, "excluded_lines": 0, "percent_statements_covered": 0.0, "percent_statements_covered_display": "0"}, "missing_lines": [117, 119, 120, 121, 124, 125, 126, 127, 128, 129, 130, 136], "excluded_lines": [], "start_line": 115}, "parse_text_sections": {"executed_lines": [], "summary": {"covered_lines": 0, "num_statements": 35, "percent_covered": 0.0, "percent_covered_display": "0", "missing_lines": 35, "excluded_lines": 0, "percent_statements_covered": 0.0, "percent_statements_covered_display": "0"}, "missing_lines": [147, 148, 149, 151, 154, 155, 156, 158, 159, 160, 161, 162, 163, 164, 165, 166, 167, 175, 176, 177, 178, 179, 180, 181, 183, 184, 185, 186, 187, 188, 189, 190, 196, 197, 199], "excluded_lines": [], "start_line": 139}, "parse_by_type": {"executed_lines": [], "summary": {"covered_lines": 0, "num_statements": 3, "percent_covered": 0.0, "percent_covered_display": "0", "missing_lines": 3, "excluded_lines": 0, "percent_statements_covered": 0.0, "percent_statements_covered_display": "0"}, "missing_lines": [204, 205, 206], "excluded_lines": [], "start_line": 202}, "generate_audio": {"executed_lines": [], "summary": {"covered_lines": 0, "num_statements": 2, "percent_covered": 0.0, "percent_covered_display": "0", "missing_lines": 2, "excluded_lines": 0, "percent_statements_covered": 0.0, "percent_statements_covered_display": "0"}, "missing_lines": [211, 212], "excluded_lines": [], "start_line": 209}, "generate_audio_with_timestamps": {"executed_lines": [], "summary": {"covered_lines": 0, "num_statements": 1, "percent_covered": 0.0, "percent_covered_display": "0", "missing_lines": 1, "excluded_lines": 0, "percent_statements_covered": 0.0, "percent_statements_covered_display": "0"}, "missing_lines": [222], "excluded_lines": [], "start_line": 215}, "_generate_audio_impl": {"executed_lines": [], "summary": {"covered_lines": 0, "num_statements": 39, "percent_covered": 0.0, "percent_covered_display": "0", "missing_lines": 39, "excluded_lines": 0, "percent_statements_covered": 0.0, "percent_statements_covered_display": "0"}, "missing_lines": [227, 230, 231, 232, 233, 234, 235, 236, 237, 238, 239, 240, 241, 242, 244, 246, 247, 249, 250, 251, 253, 254, 256, 257, 258, 259, 260, 261, 264, 265, 266, 268, 279, 281, 282, 284, 285, 286, 287], "excluded_lines": [], "start_line": 225}, "_generate_audio_impl._stream_collect": {"executed_lines": [], "summary": {"covered_lines": 0, "num_statements": 5, "percent_covered": 0.0, "percent_covered_display": "0", "missing_lines": 5, "excluded_lines": 0, "percent_statements_covered": 0.0, "percent_statements_covered_display": "0"}, "missing_lines": [269, 270, 271, 272, 273], "excluded_lines": [], "start_line": 268}, "": {"executed_lines": [3, 4, 5, 6, 7, 9, 12, 29, 32, 61, 115, 139, 202, 209, 215, 225], "summary": {"covered_lines": 16, "num_statements": 16, "percent_covered": 100.0, "percent_covered_display": "100", "missing_lines": 0, "excluded_lines": 0, "percent_statements_covered": 100.0, "percent_statements_covered_display": "100"}, "missing_lines": [], "excluded_lines": [], "start_line": 1}}, "classes": {"": {"executed_lines": [3, 4, 5, 6, 7, 9, 12, 29, 32, 61, 115, 139, 202, 209, 215, 225], "summary": {"covered_lines": 16, "num_statements": 174, "percent_covered": 9.195402298850574, "percent_covered_display": "9", "missing_lines": 158, "excluded_lines": 0, "percent_statements_covered": 9.195402298850574, "percent_statements_covered_display": "9"}, "missing_lines": [34, 35, 36, 37, 38, 39, 40, 41, 42, 44, 46, 48, 49, 51, 52, 53, 54, 55, 56, 57, 58, 63, 64, 66, 67, 69, 70, 71, 72, 74, 75, 76, 77, 79, 80, 81, 82, 84, 85, 86, 87, 88, 89, 90, 91, 92, 93, 95, 97, 98, 99, 101, 102, 103, 104, 105, 106, 107, 109, 110, 112, 117, 119, 120, 121, 124, 125, 126, 127, 128, 129, 130, 136, 147, 148, 149, 151, 154, 155, 156, 158, 159, 160, 161, 162, 163, 164, 165, 166, 167, 175, 176, 177, 178, 179, 180, 181, 183, 184, 185, 186, 187, 188, 189, 190, 196, 197, 199, 204, 205, 206, 211, 212, 222, 227, 230, 231, 232, 233, 234, 235, 236, 237, 238, 239, 240, 241, 242, 244, 246, 247, 249, 250, 251, 253, 254, 256, 257, 258, 259, 260, 261, 264, 265, 266, 268, 269, 270, 271, 272, 273, 279, 281, 282, 284, 285, 286, 287], "excluded_lines": [], "start_line": 1}}}}, "totals": {"covered_lines": 5487, "num_statements": 19320, "percent_covered": 28.400621118012424, "percent_covered_display": "28", "missing_lines": 13833, "excluded_lines": 1, "percent_statements_covered": 28.400621118012424, "percent_statements_covered_display": "28"}}